#
# There is insufficient memory for the Java Runtime Environment to continue.
# Native memory allocation (mmap) failed to map 1170210816 bytes. Error detail: G1 virtual space
# Possible reasons:
#   The system is out of physical RAM or swap space
#   This process is running with CompressedOops enabled, and the Java Heap may be blocking the growth of the native heap
# Possible solutions:
#   Reduce memory load on the system
#   Increase physical memory or swap space
#   Check if swap backing store is full
#   Decrease Java heap size (-Xmx/-Xms)
#   Decrease number of Java threads
#   Decrease Java thread stack sizes (-Xss)
#   Set larger code cache with -XX:ReservedCodeCacheSize=
#   JVM is running with Zero Based Compressed Oops mode in which the Java heap is
#     placed in the first 32GB address space. The Java Heap base address is the
#     maximum limit for the native heap growth. Please use -XX:HeapBaseMinAddress
#     to set the Java Heap base and to place the Java Heap above 32GB virtual address.
# This output file may be truncated or incomplete.
#
#  Out of Memory Error (os_windows.cpp:3703), pid=33344, tid=33676
#
# JRE version: OpenJDK Runtime Environment Temurin-23.0.1+11 (23.0.1+11) (build 23.0.1+11)
# Java VM: OpenJDK 64-Bit Server VM Temurin-23.0.1+11 (23.0.1+11, mixed mode, sharing, tiered, compressed oops, compressed class ptrs, g1 gc, windows-amd64)
# No core dump will be written. Minidumps are not enabled by default on client versions of Windows
#

---------------  S U M M A R Y ------------

Command Line: -XX:+ShowCodeDetailsInExceptionMessages -agentlib:jdwp=transport=dt_socket,suspend=y,address=localhost:50694 -ea -Dfile.encoding=UTF-8 -Dstdout.encoding=UTF-8 -Dstderr.encoding=UTF-8 org.testng.remote.RemoteTestNG -serport 50693 -protocol json -d D:\Automation\test-output C:\Users\User\AppData\Local\Temp\testng-eclipse--712656372\testng-customsuite.xml

Host: Intel(R) Core(TM) i5-6500T CPU @ 2.50GHz, 4 cores, 15G,  Windows 10 , 64 bit Build 19041 (10.0.19041.5915)
Time: Thu Jul 10 17:25:46 2025 India Standard Time elapsed time: 5.525264 seconds (0d 0h 0m 5s)

---------------  T H R E A D  ---------------

Current thread (0x0000014cdcdd7d90):  VMThread "VM Thread"          [id=33676, stack(0x0000003e6ae00000,0x0000003e6af00000) (1024K)]

Stack: [0x0000003e6ae00000,0x0000003e6af00000]
Native frames: (J=compiled Java code, j=interpreted, Vv=VM code, C=native code)
V  [jvm.dll+0x6e8c79]  (no source info available)
V  [jvm.dll+0x8d9253]  (no source info available)
V  [jvm.dll+0x8db6de]  (no source info available)
V  [jvm.dll+0x8dbdb3]  (no source info available)
V  [jvm.dll+0x281aa6]  (no source info available)
V  [jvm.dll+0x6e5575]  (no source info available)
V  [jvm.dll+0x6d958a]  (no source info available)
V  [jvm.dll+0x3625fa]  (no source info available)
V  [jvm.dll+0x36aa26]  (no source info available)
V  [jvm.dll+0x356fce]  (no source info available)
V  [jvm.dll+0x357268]  (no source info available)
V  [jvm.dll+0x32fbfc]  (no source info available)
V  [jvm.dll+0x32fc8a]  (no source info available)
V  [jvm.dll+0x37b292]  (no source info available)
V  [jvm.dll+0x37999c]  (no source info available)
V  [jvm.dll+0x32f3e7]  (no source info available)
V  [jvm.dll+0x3790a4]  (no source info available)
V  [jvm.dll+0x8e1c3f]  (no source info available)
V  [jvm.dll+0x8e2f56]  (no source info available)
V  [jvm.dll+0x8e3488]  (no source info available)
V  [jvm.dll+0x8e3723]  (no source info available)
V  [jvm.dll+0x8802ab]  (no source info available)
V  [jvm.dll+0x6e7485]  (no source info available)
C  [ucrtbase.dll+0x21bb2]  (no source info available)
C  [KERNEL32.DLL+0x17374]  (no source info available)
C  [ntdll.dll+0x4cc91]  (no source info available)

VM_Operation (0x0000003e6a7fc690): G1CollectForAllocation, mode: safepoint, requested by thread 0x0000014cc07cfd80


---------------  P R O C E S S  ---------------

Threads class SMR info:
_java_thread_list=0x0000014d25c47d60, length=16, elements={
0x0000014cc07cfd80, 0x0000014cdcdf4720, 0x0000014cdcdf6c90, 0x0000014cdcdfa120,
0x0000014cdcdfab80, 0x0000014cdcdfb5e0, 0x0000014cdcdfc040, 0x0000014cdcdfcdd0,
0x0000014d220324a0, 0x0000014d22141970, 0x0000014d22144220, 0x0000014d221488c0,
0x0000014d22151420, 0x0000014d221546b0, 0x0000014d22b3e340, 0x0000014d24e26010
}

Java Threads: ( => current thread )
  0x0000014cc07cfd80 JavaThread "main"                              [_thread_blocked, id=34956, stack(0x0000003e6a700000,0x0000003e6a800000) (1024K)]
  0x0000014cdcdf4720 JavaThread "Reference Handler"          daemon [_thread_blocked, id=35352, stack(0x0000003e6af00000,0x0000003e6b000000) (1024K)]
  0x0000014cdcdf6c90 JavaThread "Finalizer"                  daemon [_thread_blocked, id=35356, stack(0x0000003e6b000000,0x0000003e6b100000) (1024K)]
  0x0000014cdcdfa120 JavaThread "Signal Dispatcher"          daemon [_thread_blocked, id=2220, stack(0x0000003e6b100000,0x0000003e6b200000) (1024K)]
  0x0000014cdcdfab80 JavaThread "Attach Listener"            daemon [_thread_blocked, id=35364, stack(0x0000003e6b200000,0x0000003e6b300000) (1024K)]
  0x0000014cdcdfb5e0 JavaThread "Service Thread"             daemon [_thread_blocked, id=35360, stack(0x0000003e6b300000,0x0000003e6b400000) (1024K)]
  0x0000014cdcdfc040 JavaThread "Monitor Deflation Thread"   daemon [_thread_blocked, id=4716, stack(0x0000003e6b400000,0x0000003e6b500000) (1024K)]
  0x0000014cdcdfcdd0 JavaThread "C2 CompilerThread0"         daemon [_thread_blocked, id=35572, stack(0x0000003e6b500000,0x0000003e6b600000) (1024K)]
  0x0000014d220324a0 JavaThread "C1 CompilerThread0"         daemon [_thread_blocked, id=35300, stack(0x0000003e6b600000,0x0000003e6b700000) (1024K)]
  0x0000014d22141970 JavaThread "JDWP Transport Listener: dt_socket" daemon [_thread_blocked, id=35312, stack(0x0000003e6b700000,0x0000003e6b800000) (1024K)]
  0x0000014d22144220 JavaThread "JDWP Event Helper Thread"   daemon [_thread_blocked, id=22152, stack(0x0000003e6b800000,0x0000003e6b900000) (1024K)]
  0x0000014d221488c0 JavaThread "JDWP Command Reader"        daemon [_thread_in_native, id=34348, stack(0x0000003e6b900000,0x0000003e6ba00000) (1024K)]
  0x0000014d22151420 JavaThread "Notification Thread"        daemon [_thread_blocked, id=33384, stack(0x0000003e6ba00000,0x0000003e6bb00000) (1024K)]
  0x0000014d221546b0 JavaThread "Common-Cleaner"             daemon [_thread_blocked, id=35344, stack(0x0000003e6bb00000,0x0000003e6bc00000) (1024K)]
  0x0000014d22b3e340 JavaThread "ReaderThread"                      [_thread_in_native, id=26052, stack(0x0000003e6be00000,0x0000003e6bf00000) (1024K)]
  0x0000014d24e26010 JavaThread "C2 CompilerThread1"         daemon [_thread_blocked, id=34868, stack(0x0000003e6bc00000,0x0000003e6bd00000) (1024K)]
Total: 16

Other Threads:
=>0x0000014cdcdd7d90 VMThread "VM Thread"                           [id=33676, stack(0x0000003e6ae00000,0x0000003e6af00000) (1024K)]
  0x0000014cdcdc1830 WatcherThread "VM Periodic Task Thread"        [id=29404, stack(0x0000003e6ad00000,0x0000003e6ae00000) (1024K)]
  0x0000014cc2a27cf0 WorkerThread "GC Thread#0"                     [id=35252, stack(0x0000003e6a800000,0x0000003e6a900000) (1024K)]
  0x0000014d22c70c10 WorkerThread "GC Thread#1"                     [id=32336, stack(0x0000003e6bf00000,0x0000003e6c000000) (1024K)]
  0x0000014d230ab280 WorkerThread "GC Thread#2"                     [id=33680, stack(0x0000003e6c000000,0x0000003e6c100000) (1024K)]
  0x0000014d230ab630 WorkerThread "GC Thread#3"                     [id=35400, stack(0x0000003e6c100000,0x0000003e6c200000) (1024K)]
  0x0000014cc2a3ca70 ConcurrentGCThread "G1 Main Marker"            [id=34920, stack(0x0000003e6a900000,0x0000003e6aa00000) (1024K)]
  0x0000014cc2a3d490 WorkerThread "G1 Conc#0"                       [id=34272, stack(0x0000003e6aa00000,0x0000003e6ab00000) (1024K)]
  0x0000014cc2a7e9c0 ConcurrentGCThread "G1 Refine#0"               [id=34052, stack(0x0000003e6ab00000,0x0000003e6ac00000) (1024K)]
  0x0000014cdcc89040 ConcurrentGCThread "G1 Service"                [id=26432, stack(0x0000003e6ac00000,0x0000003e6ad00000) (1024K)]
Total: 10

Threads with active compile tasks:
C2 CompilerThread0  5622 3968       4       java.util.TreeMap::addEntryToEmptyMap (37 bytes)
C2 CompilerThread1  5622 3969       4       org.apache.poi.xssf.usermodel.XSSFRow::<init> (137 bytes)
Total: 2

VM state: at safepoint (normal execution)

VM Mutex/Monitor currently owned by a thread:  ([mutex/lock_event])
[0x00007ff88cedbd70] Threads_lock - owner thread: 0x0000014cdcdd7d90
[0x00007ff88cedbe70] Heap_lock - owner thread: 0x0000014cc07cfd80

Heap address: 0x0000000701800000, size: 4072 MB, Compressed Oops mode: Zero based, Oop shift amount: 3

CDS archive(s) mapped at: [0x0000014cdd000000-0x0000014cddd70000-0x0000014cddd70000), size 14090240, SharedBaseAddress: 0x0000014cdd000000, ArchiveRelocationMode: 1.
Compressed class space mapped at: 0x0000014cde000000-0x0000014d1e000000, reserved size: 1073741824
Narrow klass base: 0x0000014cdd000000, Narrow klass shift: 0, Narrow klass range: 0x41000000

GC Precious Log:
 CardTable entry size: 512
 Card Set container configuration: InlinePtr #cards 4 size 8 Array Of Cards #cards 16 size 48 Howl #buckets 8 coarsen threshold 3686 Howl Bitmap #cards 512 size 80 coarsen threshold 460 Card regions per heap region 1 cards per card region 4096
 CPUs: 4 total, 4 available
 Memory: 16284M
 Large Page Support: Disabled
 NUMA Support: Disabled
 Compressed Oops: Enabled (Zero based)
 Heap Region Size: 2M
 Heap Min Capacity: 8M
 Heap Initial Capacity: 256M
 Heap Max Capacity: 4072M
 Pre-touch: Disabled
 Parallel Workers: 4
 Concurrent Workers: 1
 Concurrent Refinement Workers: 4
 Periodic GC: Disabled

Heap:
 garbage-first heap   total reserved 4169728K, committed 571392K, used 249856K [0x0000000701800000, 0x0000000800000000)
  region size 2048K, 2 young (4096K), 2 survivors (4096K)
 Metaspace       used 19649K, committed 19904K, reserved 1114112K
  class space    used 2240K, committed 2368K, reserved 1048576K

Heap Regions: E=young(eden), S=young(survivor), O=old, HS=humongous(starts), HC=humongous(continues), CS=collection set, F=free, TAMS=top-at-mark-start, PB=parsable bottom
|   0|0x0000000701800000, 0x0000000701a00000, 0x0000000701a00000|100%| O|  |TAMS 0x0000000701800000| PB 0x0000000701800000| Untracked |  0
|   1|0x0000000701a00000, 0x0000000701c00000, 0x0000000701c00000|100%| O|  |TAMS 0x0000000701a00000| PB 0x0000000701a00000| Untracked |  0
|   2|0x0000000701c00000, 0x0000000701e00000, 0x0000000701e00000|100%| O|  |TAMS 0x0000000701c00000| PB 0x0000000701c00000| Untracked |  0
|   3|0x0000000701e00000, 0x0000000702000000, 0x0000000702000000|100%| O|  |TAMS 0x0000000701e00000| PB 0x0000000701e00000| Untracked |  0
|   4|0x0000000702000000, 0x0000000702200000, 0x0000000702200000|100%| O|  |TAMS 0x0000000702000000| PB 0x0000000702000000| Untracked |  0
|   5|0x0000000702200000, 0x0000000702400000, 0x0000000702400000|100%| O|  |TAMS 0x0000000702200000| PB 0x0000000702200000| Untracked |  0
|   6|0x0000000702400000, 0x0000000702600000, 0x0000000702600000|100%| O|  |TAMS 0x0000000702400000| PB 0x0000000702400000| Untracked |  0
|   7|0x0000000702600000, 0x0000000702800000, 0x0000000702800000|100%| O|  |TAMS 0x0000000702600000| PB 0x0000000702600000| Untracked |  0
|   8|0x0000000702800000, 0x0000000702a00000, 0x0000000702a00000|100%| O|  |TAMS 0x0000000702800000| PB 0x0000000702800000| Untracked |  0
|   9|0x0000000702a00000, 0x0000000702c00000, 0x0000000702c00000|100%| O|  |TAMS 0x0000000702a00000| PB 0x0000000702a00000| Untracked |  0
|  10|0x0000000702c00000, 0x0000000702e00000, 0x0000000702e00000|100%|HS|  |TAMS 0x0000000702c00000| PB 0x0000000702c00000| Complete |  0
|  11|0x0000000702e00000, 0x0000000703000000, 0x0000000703000000|100%|HC|  |TAMS 0x0000000702e00000| PB 0x0000000702e00000| Complete |  0
|  12|0x0000000703000000, 0x0000000703200000, 0x0000000703200000|100%|HC|  |TAMS 0x0000000703000000| PB 0x0000000703000000| Complete |  0
|  13|0x0000000703200000, 0x0000000703400000, 0x0000000703400000|100%|HC|  |TAMS 0x0000000703200000| PB 0x0000000703200000| Complete |  0
|  14|0x0000000703400000, 0x0000000703600000, 0x0000000703600000|100%|HC|  |TAMS 0x0000000703400000| PB 0x0000000703400000| Complete |  0
|  15|0x0000000703600000, 0x0000000703800000, 0x0000000703800000|100%|HC|  |TAMS 0x0000000703600000| PB 0x0000000703600000| Complete |  0
|  16|0x0000000703800000, 0x0000000703a00000, 0x0000000703a00000|100%| O|  |TAMS 0x0000000703800000| PB 0x0000000703800000| Untracked |  0
|  17|0x0000000703a00000, 0x0000000703c00000, 0x0000000703c00000|100%| O|  |TAMS 0x0000000703a00000| PB 0x0000000703a00000| Untracked |  0
|  18|0x0000000703c00000, 0x0000000703e00000, 0x0000000703e00000|100%| O|  |TAMS 0x0000000703c00000| PB 0x0000000703c00000| Untracked |  0
|  19|0x0000000703e00000, 0x0000000704000000, 0x0000000704000000|100%| O|  |TAMS 0x0000000703e00000| PB 0x0000000703e00000| Untracked |  0
|  20|0x0000000704000000, 0x0000000704200000, 0x0000000704200000|100%| O|  |TAMS 0x0000000704000000| PB 0x0000000704000000| Untracked |  0
|  21|0x0000000704200000, 0x0000000704400000, 0x0000000704400000|100%| O|  |TAMS 0x0000000704200000| PB 0x0000000704200000| Untracked |  0
|  22|0x0000000704400000, 0x0000000704600000, 0x0000000704600000|100%| O|  |TAMS 0x0000000704400000| PB 0x0000000704400000| Untracked |  0
|  23|0x0000000704600000, 0x0000000704800000, 0x0000000704800000|100%| O|  |TAMS 0x0000000704600000| PB 0x0000000704600000| Untracked |  0
|  24|0x0000000704800000, 0x0000000704a00000, 0x0000000704a00000|100%| O|  |TAMS 0x0000000704800000| PB 0x0000000704800000| Untracked |  0
|  25|0x0000000704a00000, 0x0000000704c00000, 0x0000000704c00000|100%| O|  |TAMS 0x0000000704a00000| PB 0x0000000704a00000| Untracked |  0
|  26|0x0000000704c00000, 0x0000000704e00000, 0x0000000704e00000|100%| O|  |TAMS 0x0000000704c00000| PB 0x0000000704c00000| Untracked |  0
|  27|0x0000000704e00000, 0x0000000705000000, 0x0000000705000000|100%| O|  |TAMS 0x0000000704e00000| PB 0x0000000704e00000| Untracked |  0
|  28|0x0000000705000000, 0x0000000705200000, 0x0000000705200000|100%| O|  |TAMS 0x0000000705000000| PB 0x0000000705000000| Untracked |  0
|  29|0x0000000705200000, 0x0000000705400000, 0x0000000705400000|100%| O|  |TAMS 0x0000000705200000| PB 0x0000000705200000| Untracked |  0
|  30|0x0000000705400000, 0x0000000705600000, 0x0000000705600000|100%| O|  |TAMS 0x0000000705400000| PB 0x0000000705400000| Untracked |  0
|  31|0x0000000705600000, 0x0000000705800000, 0x0000000705800000|100%| O|  |TAMS 0x0000000705600000| PB 0x0000000705600000| Untracked |  0
|  32|0x0000000705800000, 0x0000000705a00000, 0x0000000705a00000|100%| O|  |TAMS 0x0000000705800000| PB 0x0000000705800000| Untracked |  0
|  33|0x0000000705a00000, 0x0000000705c00000, 0x0000000705c00000|100%| O|  |TAMS 0x0000000705a00000| PB 0x0000000705a00000| Untracked |  0
|  34|0x0000000705c00000, 0x0000000705e00000, 0x0000000705e00000|100%| O|  |TAMS 0x0000000705c00000| PB 0x0000000705c00000| Untracked |  0
|  35|0x0000000705e00000, 0x0000000706000000, 0x0000000706000000|100%| O|  |TAMS 0x0000000705e00000| PB 0x0000000705e00000| Untracked |  0
|  36|0x0000000706000000, 0x0000000706200000, 0x0000000706200000|100%| O|  |TAMS 0x0000000706000000| PB 0x0000000706000000| Untracked |  0
|  37|0x0000000706200000, 0x0000000706400000, 0x0000000706400000|100%| O|  |TAMS 0x0000000706200000| PB 0x0000000706200000| Untracked |  0
|  38|0x0000000706400000, 0x0000000706600000, 0x0000000706600000|100%| O|  |TAMS 0x0000000706400000| PB 0x0000000706400000| Untracked |  0
|  39|0x0000000706600000, 0x0000000706800000, 0x0000000706800000|100%| O|  |TAMS 0x0000000706600000| PB 0x0000000706600000| Untracked |  0
|  40|0x0000000706800000, 0x0000000706a00000, 0x0000000706a00000|100%| O|  |TAMS 0x0000000706800000| PB 0x0000000706800000| Untracked |  0
|  41|0x0000000706a00000, 0x0000000706c00000, 0x0000000706c00000|100%| O|  |TAMS 0x0000000706a00000| PB 0x0000000706a00000| Untracked |  0
|  42|0x0000000706c00000, 0x0000000706e00000, 0x0000000706e00000|100%| O|  |TAMS 0x0000000706c00000| PB 0x0000000706c00000| Untracked |  0
|  43|0x0000000706e00000, 0x0000000707000000, 0x0000000707000000|100%| O|  |TAMS 0x0000000706e00000| PB 0x0000000706e00000| Untracked |  0
|  44|0x0000000707000000, 0x0000000707200000, 0x0000000707200000|100%| O|  |TAMS 0x0000000707000000| PB 0x0000000707000000| Untracked |  0
|  45|0x0000000707200000, 0x0000000707400000, 0x0000000707400000|100%| O|  |TAMS 0x0000000707200000| PB 0x0000000707200000| Untracked |  0
|  46|0x0000000707400000, 0x0000000707600000, 0x0000000707600000|100%| O|  |TAMS 0x0000000707400000| PB 0x0000000707400000| Untracked |  0
|  47|0x0000000707600000, 0x0000000707800000, 0x0000000707800000|100%| O|  |TAMS 0x0000000707600000| PB 0x0000000707600000| Untracked |  0
|  48|0x0000000707800000, 0x0000000707a00000, 0x0000000707a00000|100%| O|  |TAMS 0x0000000707800000| PB 0x0000000707800000| Untracked |  0
|  49|0x0000000707a00000, 0x0000000707c00000, 0x0000000707c00000|100%| O|  |TAMS 0x0000000707a00000| PB 0x0000000707a00000| Untracked |  0
|  50|0x0000000707c00000, 0x0000000707e00000, 0x0000000707e00000|100%| O|  |TAMS 0x0000000707c00000| PB 0x0000000707c00000| Untracked |  0
|  51|0x0000000707e00000, 0x0000000708000000, 0x0000000708000000|100%| O|  |TAMS 0x0000000707e00000| PB 0x0000000707e00000| Untracked |  0
|  52|0x0000000708000000, 0x0000000708200000, 0x0000000708200000|100%| O|  |TAMS 0x0000000708000000| PB 0x0000000708000000| Untracked |  0
|  53|0x0000000708200000, 0x0000000708400000, 0x0000000708400000|100%| O|  |TAMS 0x0000000708200000| PB 0x0000000708200000| Untracked |  0
|  54|0x0000000708400000, 0x0000000708600000, 0x0000000708600000|100%| O|  |TAMS 0x0000000708400000| PB 0x0000000708400000| Untracked |  0
|  55|0x0000000708600000, 0x0000000708800000, 0x0000000708800000|100%| O|  |TAMS 0x0000000708600000| PB 0x0000000708600000| Untracked |  0
|  56|0x0000000708800000, 0x0000000708a00000, 0x0000000708a00000|100%| O|  |TAMS 0x0000000708800000| PB 0x0000000708800000| Untracked |  0
|  57|0x0000000708a00000, 0x0000000708c00000, 0x0000000708c00000|100%| O|  |TAMS 0x0000000708a00000| PB 0x0000000708a00000| Untracked |  0
|  58|0x0000000708c00000, 0x0000000708e00000, 0x0000000708e00000|100%| O|  |TAMS 0x0000000708c00000| PB 0x0000000708c00000| Untracked |  0
|  59|0x0000000708e00000, 0x0000000709000000, 0x0000000709000000|100%| O|  |TAMS 0x0000000708e00000| PB 0x0000000708e00000| Untracked |  0
|  60|0x0000000709000000, 0x0000000709200000, 0x0000000709200000|100%| O|  |TAMS 0x0000000709000000| PB 0x0000000709000000| Untracked |  0
|  61|0x0000000709200000, 0x0000000709400000, 0x0000000709400000|100%| O|  |TAMS 0x0000000709200000| PB 0x0000000709200000| Untracked |  0
|  62|0x0000000709400000, 0x0000000709600000, 0x0000000709600000|100%| O|  |TAMS 0x0000000709400000| PB 0x0000000709400000| Untracked |  0
|  63|0x0000000709600000, 0x0000000709800000, 0x0000000709800000|100%| O|  |TAMS 0x0000000709600000| PB 0x0000000709600000| Untracked |  0
|  64|0x0000000709800000, 0x0000000709a00000, 0x0000000709a00000|100%| O|  |TAMS 0x0000000709800000| PB 0x0000000709800000| Untracked |  0
|  65|0x0000000709a00000, 0x0000000709c00000, 0x0000000709c00000|100%| O|  |TAMS 0x0000000709a00000| PB 0x0000000709a00000| Untracked |  0
|  66|0x0000000709c00000, 0x0000000709e00000, 0x0000000709e00000|100%| O|  |TAMS 0x0000000709c00000| PB 0x0000000709c00000| Untracked |  0
|  67|0x0000000709e00000, 0x000000070a000000, 0x000000070a000000|100%| O|  |TAMS 0x0000000709e00000| PB 0x0000000709e00000| Untracked |  0
|  68|0x000000070a000000, 0x000000070a200000, 0x000000070a200000|100%| O|  |TAMS 0x000000070a000000| PB 0x000000070a000000| Untracked |  0
|  69|0x000000070a200000, 0x000000070a400000, 0x000000070a400000|100%| O|  |TAMS 0x000000070a200000| PB 0x000000070a200000| Untracked |  0
|  70|0x000000070a400000, 0x000000070a600000, 0x000000070a600000|100%| O|  |TAMS 0x000000070a400000| PB 0x000000070a400000| Untracked |  0
|  71|0x000000070a600000, 0x000000070a800000, 0x000000070a800000|100%| O|  |TAMS 0x000000070a600000| PB 0x000000070a600000| Untracked |  0
|  72|0x000000070a800000, 0x000000070aa00000, 0x000000070aa00000|100%| O|  |TAMS 0x000000070a800000| PB 0x000000070a800000| Untracked |  0
|  73|0x000000070aa00000, 0x000000070ac00000, 0x000000070ac00000|100%| O|  |TAMS 0x000000070aa00000| PB 0x000000070aa00000| Untracked |  0
|  74|0x000000070ac00000, 0x000000070ae00000, 0x000000070ae00000|100%| O|  |TAMS 0x000000070ac00000| PB 0x000000070ac00000| Untracked |  0
|  75|0x000000070ae00000, 0x000000070b000000, 0x000000070b000000|100%| O|  |TAMS 0x000000070ae00000| PB 0x000000070ae00000| Untracked |  0
|  76|0x000000070b000000, 0x000000070b200000, 0x000000070b200000|100%| O|  |TAMS 0x000000070b000000| PB 0x000000070b000000| Untracked |  0
|  77|0x000000070b200000, 0x000000070b400000, 0x000000070b400000|100%| O|  |TAMS 0x000000070b200000| PB 0x000000070b200000| Untracked |  0
|  78|0x000000070b400000, 0x000000070b600000, 0x000000070b600000|100%| O|  |TAMS 0x000000070b400000| PB 0x000000070b400000| Untracked |  0
|  79|0x000000070b600000, 0x000000070b800000, 0x000000070b800000|100%| O|  |TAMS 0x000000070b600000| PB 0x000000070b600000| Untracked |  0
|  80|0x000000070b800000, 0x000000070ba00000, 0x000000070ba00000|100%| O|  |TAMS 0x000000070b800000| PB 0x000000070b800000| Untracked |  0
|  81|0x000000070ba00000, 0x000000070bc00000, 0x000000070bc00000|100%| O|  |TAMS 0x000000070ba00000| PB 0x000000070ba00000| Untracked |  0
|  82|0x000000070bc00000, 0x000000070be00000, 0x000000070be00000|100%| O|  |TAMS 0x000000070bc00000| PB 0x000000070bc00000| Untracked |  0
|  83|0x000000070be00000, 0x000000070c000000, 0x000000070c000000|100%| O|  |TAMS 0x000000070be00000| PB 0x000000070be00000| Untracked |  0
|  84|0x000000070c000000, 0x000000070c200000, 0x000000070c200000|100%| O|  |TAMS 0x000000070c000000| PB 0x000000070c000000| Untracked |  0
|  85|0x000000070c200000, 0x000000070c400000, 0x000000070c400000|100%| O|  |TAMS 0x000000070c200000| PB 0x000000070c200000| Untracked |  0
|  86|0x000000070c400000, 0x000000070c600000, 0x000000070c600000|100%| O|  |TAMS 0x000000070c400000| PB 0x000000070c400000| Untracked |  0
|  87|0x000000070c600000, 0x000000070c800000, 0x000000070c800000|100%| O|  |TAMS 0x000000070c600000| PB 0x000000070c600000| Untracked |  0
|  88|0x000000070c800000, 0x000000070ca00000, 0x000000070ca00000|100%| O|  |TAMS 0x000000070c800000| PB 0x000000070c800000| Untracked |  0
|  89|0x000000070ca00000, 0x000000070cc00000, 0x000000070cc00000|100%| O|  |TAMS 0x000000070ca00000| PB 0x000000070ca00000| Untracked |  0
|  90|0x000000070cc00000, 0x000000070ce00000, 0x000000070ce00000|100%| O|  |TAMS 0x000000070cc00000| PB 0x000000070cc00000| Untracked |  0
|  91|0x000000070ce00000, 0x000000070d000000, 0x000000070d000000|100%| O|  |TAMS 0x000000070ce00000| PB 0x000000070ce00000| Untracked |  0
|  92|0x000000070d000000, 0x000000070d200000, 0x000000070d200000|100%| O|  |TAMS 0x000000070d000000| PB 0x000000070d000000| Untracked |  0
|  93|0x000000070d200000, 0x000000070d400000, 0x000000070d400000|100%| O|  |TAMS 0x000000070d200000| PB 0x000000070d200000| Untracked |  0
|  94|0x000000070d400000, 0x000000070d600000, 0x000000070d600000|100%| O|  |TAMS 0x000000070d400000| PB 0x000000070d400000| Untracked |  0
|  95|0x000000070d600000, 0x000000070d800000, 0x000000070d800000|100%| O|  |TAMS 0x000000070d600000| PB 0x000000070d600000| Untracked |  0
|  96|0x000000070d800000, 0x000000070da00000, 0x000000070da00000|100%| O|  |TAMS 0x000000070d800000| PB 0x000000070d800000| Untracked |  0
|  97|0x000000070da00000, 0x000000070dc00000, 0x000000070dc00000|100%| O|  |TAMS 0x000000070da00000| PB 0x000000070da00000| Untracked |  0
|  98|0x000000070dc00000, 0x000000070de00000, 0x000000070de00000|100%| O|  |TAMS 0x000000070dc00000| PB 0x000000070dc00000| Untracked |  0
|  99|0x000000070de00000, 0x000000070e000000, 0x000000070e000000|100%| O|  |TAMS 0x000000070de00000| PB 0x000000070de00000| Untracked |  0
| 100|0x000000070e000000, 0x000000070e200000, 0x000000070e200000|100%| O|  |TAMS 0x000000070e000000| PB 0x000000070e000000| Untracked |  0
| 101|0x000000070e200000, 0x000000070e400000, 0x000000070e400000|100%| O|  |TAMS 0x000000070e200000| PB 0x000000070e200000| Untracked |  0
| 102|0x000000070e400000, 0x000000070e600000, 0x000000070e600000|100%| O|  |TAMS 0x000000070e400000| PB 0x000000070e400000| Untracked |  0
| 103|0x000000070e600000, 0x000000070e800000, 0x000000070e800000|100%| O|  |TAMS 0x000000070e600000| PB 0x000000070e600000| Untracked |  0
| 104|0x000000070e800000, 0x000000070ea00000, 0x000000070ea00000|100%| O|  |TAMS 0x000000070e800000| PB 0x000000070e800000| Untracked |  0
| 105|0x000000070ea00000, 0x000000070ec00000, 0x000000070ec00000|100%| O|  |TAMS 0x000000070ea00000| PB 0x000000070ea00000| Untracked |  0
| 106|0x000000070ec00000, 0x000000070ee00000, 0x000000070ee00000|100%| O|  |TAMS 0x000000070ec00000| PB 0x000000070ec00000| Untracked |  0
| 107|0x000000070ee00000, 0x000000070f000000, 0x000000070f000000|100%| O|  |TAMS 0x000000070ee00000| PB 0x000000070ee00000| Untracked |  0
| 108|0x000000070f000000, 0x000000070f200000, 0x000000070f200000|100%| O|  |TAMS 0x000000070f000000| PB 0x000000070f000000| Untracked |  0
| 109|0x000000070f200000, 0x000000070f400000, 0x000000070f400000|100%| O|  |TAMS 0x000000070f200000| PB 0x000000070f200000| Untracked |  0
| 110|0x000000070f400000, 0x000000070f600000, 0x000000070f600000|100%| O|  |TAMS 0x000000070f400000| PB 0x000000070f400000| Untracked |  0
| 111|0x000000070f600000, 0x000000070f800000, 0x000000070f800000|100%| O|  |TAMS 0x000000070f600000| PB 0x000000070f600000| Untracked |  0
| 112|0x000000070f800000, 0x000000070fa00000, 0x000000070fa00000|100%| O|  |TAMS 0x000000070f800000| PB 0x000000070f800000| Untracked |  0
| 113|0x000000070fa00000, 0x000000070fc00000, 0x000000070fc00000|100%| O|  |TAMS 0x000000070fa00000| PB 0x000000070fa00000| Untracked |  0
| 114|0x000000070fc00000, 0x000000070fe00000, 0x000000070fe00000|100%| O|  |TAMS 0x000000070fc00000| PB 0x000000070fc00000| Untracked |  0
| 115|0x000000070fe00000, 0x0000000710000000, 0x0000000710000000|100%| O|  |TAMS 0x000000070fe00000| PB 0x000000070fe00000| Untracked |  0
| 116|0x0000000710000000, 0x0000000710200000, 0x0000000710200000|100%| O|  |TAMS 0x0000000710000000| PB 0x0000000710000000| Untracked |  0
| 117|0x0000000710200000, 0x0000000710400000, 0x0000000710400000|100%| O|  |TAMS 0x0000000710200000| PB 0x0000000710200000| Untracked |  0
| 118|0x0000000710400000, 0x0000000710600000, 0x0000000710600000|100%| O|  |TAMS 0x0000000710400000| PB 0x0000000710400000| Untracked |  0
| 119|0x0000000710600000, 0x0000000710800000, 0x0000000710800000|100%| O|  |TAMS 0x0000000710600000| PB 0x0000000710600000| Untracked |  0
| 120|0x0000000710800000, 0x0000000710800000, 0x0000000710a00000|  0%| F|  |TAMS 0x0000000710800000| PB 0x0000000710800000| Untracked |  0
| 121|0x0000000710a00000, 0x0000000710a00000, 0x0000000710c00000|  0%| F|  |TAMS 0x0000000710a00000| PB 0x0000000710a00000| Untracked |  0
| 122|0x0000000710c00000, 0x0000000710c00000, 0x0000000710e00000|  0%| F|  |TAMS 0x0000000710c00000| PB 0x0000000710c00000| Untracked |  0
| 123|0x0000000710e00000, 0x0000000710e00000, 0x0000000711000000|  0%| F|  |TAMS 0x0000000710e00000| PB 0x0000000710e00000| Untracked |  0
| 124|0x0000000711000000, 0x0000000711000000, 0x0000000711200000|  0%| F|  |TAMS 0x0000000711000000| PB 0x0000000711000000| Untracked |  0
| 125|0x0000000711200000, 0x0000000711200000, 0x0000000711400000|  0%| F|  |TAMS 0x0000000711200000| PB 0x0000000711200000| Untracked |  0
| 126|0x0000000711400000, 0x0000000711400000, 0x0000000711600000|  0%| F|  |TAMS 0x0000000711400000| PB 0x0000000711400000| Untracked |  0
| 127|0x0000000711600000, 0x0000000711600000, 0x0000000711800000|  0%| F|  |TAMS 0x0000000711600000| PB 0x0000000711600000| Untracked |  0
| 128|0x0000000711800000, 0x0000000711800000, 0x0000000711a00000|  0%| F|  |TAMS 0x0000000711800000| PB 0x0000000711800000| Untracked |  0
| 129|0x0000000711a00000, 0x0000000711a00000, 0x0000000711c00000|  0%| F|  |TAMS 0x0000000711a00000| PB 0x0000000711a00000| Untracked |  0
| 130|0x0000000711c00000, 0x0000000711c00000, 0x0000000711e00000|  0%| F|  |TAMS 0x0000000711c00000| PB 0x0000000711c00000| Untracked |  0
| 131|0x0000000711e00000, 0x0000000711e00000, 0x0000000712000000|  0%| F|  |TAMS 0x0000000711e00000| PB 0x0000000711e00000| Untracked |  0
| 132|0x0000000712000000, 0x0000000712000000, 0x0000000712200000|  0%| F|  |TAMS 0x0000000712000000| PB 0x0000000712000000| Untracked |  0
| 133|0x0000000712200000, 0x0000000712200000, 0x0000000712400000|  0%| F|  |TAMS 0x0000000712200000| PB 0x0000000712200000| Untracked |  0
| 134|0x0000000712400000, 0x0000000712400000, 0x0000000712600000|  0%| F|  |TAMS 0x0000000712400000| PB 0x0000000712400000| Untracked |  0
| 135|0x0000000712600000, 0x0000000712600000, 0x0000000712800000|  0%| F|  |TAMS 0x0000000712600000| PB 0x0000000712600000| Untracked |  0
| 136|0x0000000712800000, 0x0000000712800000, 0x0000000712a00000|  0%| F|  |TAMS 0x0000000712800000| PB 0x0000000712800000| Untracked |  0
| 137|0x0000000712a00000, 0x0000000712a00000, 0x0000000712c00000|  0%| F|  |TAMS 0x0000000712a00000| PB 0x0000000712a00000| Untracked |  0
| 138|0x0000000712c00000, 0x0000000712c00000, 0x0000000712e00000|  0%| F|  |TAMS 0x0000000712c00000| PB 0x0000000712c00000| Untracked |  0
| 139|0x0000000712e00000, 0x0000000712e00000, 0x0000000713000000|  0%| F|  |TAMS 0x0000000712e00000| PB 0x0000000712e00000| Untracked |  0
| 140|0x0000000713000000, 0x0000000713000000, 0x0000000713200000|  0%| F|  |TAMS 0x0000000713000000| PB 0x0000000713000000| Untracked |  0
| 141|0x0000000713200000, 0x0000000713200000, 0x0000000713400000|  0%| F|  |TAMS 0x0000000713200000| PB 0x0000000713200000| Untracked |  0
| 142|0x0000000713400000, 0x0000000713400000, 0x0000000713600000|  0%| F|  |TAMS 0x0000000713400000| PB 0x0000000713400000| Untracked |  0
| 143|0x0000000713600000, 0x0000000713600000, 0x0000000713800000|  0%| F|  |TAMS 0x0000000713600000| PB 0x0000000713600000| Untracked |  0
| 144|0x0000000713800000, 0x0000000713800000, 0x0000000713a00000|  0%| F|  |TAMS 0x0000000713800000| PB 0x0000000713800000| Untracked |  0
| 145|0x0000000713a00000, 0x0000000713a00000, 0x0000000713c00000|  0%| F|  |TAMS 0x0000000713a00000| PB 0x0000000713a00000| Untracked |  0
| 146|0x0000000713c00000, 0x0000000713c00000, 0x0000000713e00000|  0%| F|  |TAMS 0x0000000713c00000| PB 0x0000000713c00000| Untracked |  0
| 147|0x0000000713e00000, 0x0000000713e00000, 0x0000000714000000|  0%| F|  |TAMS 0x0000000713e00000| PB 0x0000000713e00000| Untracked |  0
| 148|0x0000000714000000, 0x0000000714000000, 0x0000000714200000|  0%| F|  |TAMS 0x0000000714000000| PB 0x0000000714000000| Untracked |  0
| 149|0x0000000714200000, 0x0000000714200000, 0x0000000714400000|  0%| F|  |TAMS 0x0000000714200000| PB 0x0000000714200000| Untracked |  0
| 150|0x0000000714400000, 0x0000000714400000, 0x0000000714600000|  0%| F|  |TAMS 0x0000000714400000| PB 0x0000000714400000| Untracked |  0
| 151|0x0000000714600000, 0x0000000714600000, 0x0000000714800000|  0%| F|  |TAMS 0x0000000714600000| PB 0x0000000714600000| Untracked |  0
| 152|0x0000000714800000, 0x0000000714800000, 0x0000000714a00000|  0%| F|  |TAMS 0x0000000714800000| PB 0x0000000714800000| Untracked |  0
| 153|0x0000000714a00000, 0x0000000714a00000, 0x0000000714c00000|  0%| F|  |TAMS 0x0000000714a00000| PB 0x0000000714a00000| Untracked |  0
| 154|0x0000000714c00000, 0x0000000714c00000, 0x0000000714e00000|  0%| F|  |TAMS 0x0000000714c00000| PB 0x0000000714c00000| Untracked |  0
| 155|0x0000000714e00000, 0x0000000714e00000, 0x0000000715000000|  0%| F|  |TAMS 0x0000000714e00000| PB 0x0000000714e00000| Untracked |  0
| 156|0x0000000715000000, 0x0000000715000000, 0x0000000715200000|  0%| F|  |TAMS 0x0000000715000000| PB 0x0000000715000000| Untracked |  0
| 157|0x0000000715200000, 0x0000000715200000, 0x0000000715400000|  0%| F|  |TAMS 0x0000000715200000| PB 0x0000000715200000| Untracked |  0
| 158|0x0000000715400000, 0x0000000715400000, 0x0000000715600000|  0%| F|  |TAMS 0x0000000715400000| PB 0x0000000715400000| Untracked |  0
| 159|0x0000000715600000, 0x0000000715600000, 0x0000000715800000|  0%| F|  |TAMS 0x0000000715600000| PB 0x0000000715600000| Untracked |  0
| 160|0x0000000715800000, 0x0000000715800000, 0x0000000715a00000|  0%| F|  |TAMS 0x0000000715800000| PB 0x0000000715800000| Untracked |  0
| 161|0x0000000715a00000, 0x0000000715a00000, 0x0000000715c00000|  0%| F|  |TAMS 0x0000000715a00000| PB 0x0000000715a00000| Untracked |  0
| 162|0x0000000715c00000, 0x0000000715c00000, 0x0000000715e00000|  0%| F|  |TAMS 0x0000000715c00000| PB 0x0000000715c00000| Untracked |  0
| 163|0x0000000715e00000, 0x0000000715e00000, 0x0000000716000000|  0%| F|  |TAMS 0x0000000715e00000| PB 0x0000000715e00000| Untracked |  0
| 164|0x0000000716000000, 0x0000000716000000, 0x0000000716200000|  0%| F|  |TAMS 0x0000000716000000| PB 0x0000000716000000| Untracked |  0
| 165|0x0000000716200000, 0x0000000716200000, 0x0000000716400000|  0%| F|  |TAMS 0x0000000716200000| PB 0x0000000716200000| Untracked |  0
| 166|0x0000000716400000, 0x0000000716400000, 0x0000000716600000|  0%| F|  |TAMS 0x0000000716400000| PB 0x0000000716400000| Untracked |  0
| 167|0x0000000716600000, 0x0000000716600000, 0x0000000716800000|  0%| F|  |TAMS 0x0000000716600000| PB 0x0000000716600000| Untracked |  0
| 168|0x0000000716800000, 0x0000000716800000, 0x0000000716a00000|  0%| F|  |TAMS 0x0000000716800000| PB 0x0000000716800000| Untracked |  0
| 169|0x0000000716a00000, 0x0000000716a00000, 0x0000000716c00000|  0%| F|  |TAMS 0x0000000716a00000| PB 0x0000000716a00000| Untracked |  0
| 170|0x0000000716c00000, 0x0000000716c00000, 0x0000000716e00000|  0%| F|  |TAMS 0x0000000716c00000| PB 0x0000000716c00000| Untracked |  0
| 171|0x0000000716e00000, 0x0000000716e00000, 0x0000000717000000|  0%| F|  |TAMS 0x0000000716e00000| PB 0x0000000716e00000| Untracked |  0
| 172|0x0000000717000000, 0x0000000717000000, 0x0000000717200000|  0%| F|  |TAMS 0x0000000717000000| PB 0x0000000717000000| Untracked |  0
| 173|0x0000000717200000, 0x0000000717200000, 0x0000000717400000|  0%| F|  |TAMS 0x0000000717200000| PB 0x0000000717200000| Untracked |  0
| 174|0x0000000717400000, 0x0000000717400000, 0x0000000717600000|  0%| F|  |TAMS 0x0000000717400000| PB 0x0000000717400000| Untracked |  0
| 175|0x0000000717600000, 0x0000000717600000, 0x0000000717800000|  0%| F|  |TAMS 0x0000000717600000| PB 0x0000000717600000| Untracked |  0
| 176|0x0000000717800000, 0x0000000717800000, 0x0000000717a00000|  0%| F|  |TAMS 0x0000000717800000| PB 0x0000000717800000| Untracked |  0
| 177|0x0000000717a00000, 0x0000000717a00000, 0x0000000717c00000|  0%| F|  |TAMS 0x0000000717a00000| PB 0x0000000717a00000| Untracked |  0
| 178|0x0000000717c00000, 0x0000000717c00000, 0x0000000717e00000|  0%| F|  |TAMS 0x0000000717c00000| PB 0x0000000717c00000| Untracked |  0
| 179|0x0000000717e00000, 0x0000000717e00000, 0x0000000718000000|  0%| F|  |TAMS 0x0000000717e00000| PB 0x0000000717e00000| Untracked |  0
| 180|0x0000000718000000, 0x0000000718000000, 0x0000000718200000|  0%| F|  |TAMS 0x0000000718000000| PB 0x0000000718000000| Untracked |  0
| 181|0x0000000718200000, 0x0000000718200000, 0x0000000718400000|  0%| F|  |TAMS 0x0000000718200000| PB 0x0000000718200000| Untracked |  0
| 182|0x0000000718400000, 0x0000000718400000, 0x0000000718600000|  0%| F|  |TAMS 0x0000000718400000| PB 0x0000000718400000| Untracked |  0
| 183|0x0000000718600000, 0x0000000718600000, 0x0000000718800000|  0%| F|  |TAMS 0x0000000718600000| PB 0x0000000718600000| Untracked |  0
| 184|0x0000000718800000, 0x0000000718800000, 0x0000000718a00000|  0%| F|  |TAMS 0x0000000718800000| PB 0x0000000718800000| Untracked |  0
| 185|0x0000000718a00000, 0x0000000718a00000, 0x0000000718c00000|  0%| F|  |TAMS 0x0000000718a00000| PB 0x0000000718a00000| Untracked |  0
| 186|0x0000000718c00000, 0x0000000718c00000, 0x0000000718e00000|  0%| F|  |TAMS 0x0000000718c00000| PB 0x0000000718c00000| Untracked |  0
| 187|0x0000000718e00000, 0x0000000718e00000, 0x0000000719000000|  0%| F|  |TAMS 0x0000000718e00000| PB 0x0000000718e00000| Untracked |  0
| 188|0x0000000719000000, 0x0000000719000000, 0x0000000719200000|  0%| F|  |TAMS 0x0000000719000000| PB 0x0000000719000000| Untracked |  0
| 189|0x0000000719200000, 0x0000000719200000, 0x0000000719400000|  0%| F|  |TAMS 0x0000000719200000| PB 0x0000000719200000| Untracked |  0
| 190|0x0000000719400000, 0x0000000719400000, 0x0000000719600000|  0%| F|  |TAMS 0x0000000719400000| PB 0x0000000719400000| Untracked |  0
| 191|0x0000000719600000, 0x0000000719600000, 0x0000000719800000|  0%| F|  |TAMS 0x0000000719600000| PB 0x0000000719600000| Untracked |  0
| 192|0x0000000719800000, 0x0000000719800000, 0x0000000719a00000|  0%| F|  |TAMS 0x0000000719800000| PB 0x0000000719800000| Untracked |  0
| 193|0x0000000719a00000, 0x0000000719a00000, 0x0000000719c00000|  0%| F|  |TAMS 0x0000000719a00000| PB 0x0000000719a00000| Untracked |  0
| 194|0x0000000719c00000, 0x0000000719c00000, 0x0000000719e00000|  0%| F|  |TAMS 0x0000000719c00000| PB 0x0000000719c00000| Untracked |  0
| 195|0x0000000719e00000, 0x0000000719e00000, 0x000000071a000000|  0%| F|  |TAMS 0x0000000719e00000| PB 0x0000000719e00000| Untracked |  0
| 196|0x000000071a000000, 0x000000071a000000, 0x000000071a200000|  0%| F|  |TAMS 0x000000071a000000| PB 0x000000071a000000| Untracked |  0
| 197|0x000000071a200000, 0x000000071a200000, 0x000000071a400000|  0%| F|  |TAMS 0x000000071a200000| PB 0x000000071a200000| Untracked |  0
| 198|0x000000071a400000, 0x000000071a400000, 0x000000071a600000|  0%| F|  |TAMS 0x000000071a400000| PB 0x000000071a400000| Untracked |  0
| 199|0x000000071a600000, 0x000000071a600000, 0x000000071a800000|  0%| F|  |TAMS 0x000000071a600000| PB 0x000000071a600000| Untracked |  0
| 200|0x000000071a800000, 0x000000071a800000, 0x000000071aa00000|  0%| F|  |TAMS 0x000000071a800000| PB 0x000000071a800000| Untracked |  0
| 201|0x000000071aa00000, 0x000000071aa00000, 0x000000071ac00000|  0%| F|  |TAMS 0x000000071aa00000| PB 0x000000071aa00000| Untracked |  0
| 202|0x000000071ac00000, 0x000000071ac00000, 0x000000071ae00000|  0%| F|  |TAMS 0x000000071ac00000| PB 0x000000071ac00000| Untracked |  0
| 203|0x000000071ae00000, 0x000000071ae00000, 0x000000071b000000|  0%| F|  |TAMS 0x000000071ae00000| PB 0x000000071ae00000| Untracked |  0
| 204|0x000000071b000000, 0x000000071b000000, 0x000000071b200000|  0%| F|  |TAMS 0x000000071b000000| PB 0x000000071b000000| Untracked |  0
| 205|0x000000071b200000, 0x000000071b200000, 0x000000071b400000|  0%| F|  |TAMS 0x000000071b200000| PB 0x000000071b200000| Untracked |  0
| 206|0x000000071b400000, 0x000000071b400000, 0x000000071b600000|  0%| F|  |TAMS 0x000000071b400000| PB 0x000000071b400000| Untracked |  0
| 207|0x000000071b600000, 0x000000071b600000, 0x000000071b800000|  0%| F|  |TAMS 0x000000071b600000| PB 0x000000071b600000| Untracked |  0
| 208|0x000000071b800000, 0x000000071b800000, 0x000000071ba00000|  0%| F|  |TAMS 0x000000071b800000| PB 0x000000071b800000| Untracked |  0
| 209|0x000000071ba00000, 0x000000071ba00000, 0x000000071bc00000|  0%| F|  |TAMS 0x000000071ba00000| PB 0x000000071ba00000| Untracked |  0
| 210|0x000000071bc00000, 0x000000071bc00000, 0x000000071be00000|  0%| F|  |TAMS 0x000000071bc00000| PB 0x000000071bc00000| Untracked |  0
| 211|0x000000071be00000, 0x000000071be00000, 0x000000071c000000|  0%| F|  |TAMS 0x000000071be00000| PB 0x000000071be00000| Untracked |  0
| 212|0x000000071c000000, 0x000000071c000000, 0x000000071c200000|  0%| F|  |TAMS 0x000000071c000000| PB 0x000000071c000000| Untracked |  0
| 213|0x000000071c200000, 0x000000071c200000, 0x000000071c400000|  0%| F|  |TAMS 0x000000071c200000| PB 0x000000071c200000| Untracked |  0
| 214|0x000000071c400000, 0x000000071c400000, 0x000000071c600000|  0%| F|  |TAMS 0x000000071c400000| PB 0x000000071c400000| Untracked |  0
| 215|0x000000071c600000, 0x000000071c600000, 0x000000071c800000|  0%| F|  |TAMS 0x000000071c600000| PB 0x000000071c600000| Untracked |  0
| 216|0x000000071c800000, 0x000000071c800000, 0x000000071ca00000|  0%| F|  |TAMS 0x000000071c800000| PB 0x000000071c800000| Untracked |  0
| 217|0x000000071ca00000, 0x000000071ca00000, 0x000000071cc00000|  0%| F|  |TAMS 0x000000071ca00000| PB 0x000000071ca00000| Untracked |  0
| 218|0x000000071cc00000, 0x000000071cc00000, 0x000000071ce00000|  0%| F|  |TAMS 0x000000071cc00000| PB 0x000000071cc00000| Untracked |  0
| 219|0x000000071ce00000, 0x000000071ce00000, 0x000000071d000000|  0%| F|  |TAMS 0x000000071ce00000| PB 0x000000071ce00000| Untracked |  0
| 220|0x000000071d000000, 0x000000071d000000, 0x000000071d200000|  0%| F|  |TAMS 0x000000071d000000| PB 0x000000071d000000| Untracked |  0
| 221|0x000000071d200000, 0x000000071d200000, 0x000000071d400000|  0%| F|  |TAMS 0x000000071d200000| PB 0x000000071d200000| Untracked |  0
| 222|0x000000071d400000, 0x000000071d400000, 0x000000071d600000|  0%| F|  |TAMS 0x000000071d400000| PB 0x000000071d400000| Untracked |  0
| 223|0x000000071d600000, 0x000000071d600000, 0x000000071d800000|  0%| F|  |TAMS 0x000000071d600000| PB 0x000000071d600000| Untracked |  0
| 224|0x000000071d800000, 0x000000071d800000, 0x000000071da00000|  0%| F|  |TAMS 0x000000071d800000| PB 0x000000071d800000| Untracked |  0
| 225|0x000000071da00000, 0x000000071da00000, 0x000000071dc00000|  0%| F|  |TAMS 0x000000071da00000| PB 0x000000071da00000| Untracked |  0
| 226|0x000000071dc00000, 0x000000071dc00000, 0x000000071de00000|  0%| F|  |TAMS 0x000000071dc00000| PB 0x000000071dc00000| Untracked |  0
| 227|0x000000071de00000, 0x000000071de00000, 0x000000071e000000|  0%| F|  |TAMS 0x000000071de00000| PB 0x000000071de00000| Untracked |  0
| 228|0x000000071e000000, 0x000000071e000000, 0x000000071e200000|  0%| F|  |TAMS 0x000000071e000000| PB 0x000000071e000000| Untracked |  0
| 229|0x000000071e200000, 0x000000071e200000, 0x000000071e400000|  0%| F|  |TAMS 0x000000071e200000| PB 0x000000071e200000| Untracked |  0
| 230|0x000000071e400000, 0x000000071e400000, 0x000000071e600000|  0%| F|  |TAMS 0x000000071e400000| PB 0x000000071e400000| Untracked |  0
| 231|0x000000071e600000, 0x000000071e600000, 0x000000071e800000|  0%| F|  |TAMS 0x000000071e600000| PB 0x000000071e600000| Untracked |  0
| 232|0x000000071e800000, 0x000000071e800000, 0x000000071ea00000|  0%| F|  |TAMS 0x000000071e800000| PB 0x000000071e800000| Untracked |  0
| 233|0x000000071ea00000, 0x000000071ea00000, 0x000000071ec00000|  0%| F|  |TAMS 0x000000071ea00000| PB 0x000000071ea00000| Untracked |  0
| 234|0x000000071ec00000, 0x000000071ec00000, 0x000000071ee00000|  0%| F|  |TAMS 0x000000071ec00000| PB 0x000000071ec00000| Untracked |  0
| 235|0x000000071ee00000, 0x000000071ee00000, 0x000000071f000000|  0%| F|  |TAMS 0x000000071ee00000| PB 0x000000071ee00000| Untracked |  0
| 236|0x000000071f000000, 0x000000071f000000, 0x000000071f200000|  0%| F|  |TAMS 0x000000071f000000| PB 0x000000071f000000| Untracked |  0
| 237|0x000000071f200000, 0x000000071f200000, 0x000000071f400000|  0%| F|  |TAMS 0x000000071f200000| PB 0x000000071f200000| Untracked |  0
| 238|0x000000071f400000, 0x000000071f400000, 0x000000071f600000|  0%| F|  |TAMS 0x000000071f400000| PB 0x000000071f400000| Untracked |  0
| 239|0x000000071f600000, 0x000000071f600000, 0x000000071f800000|  0%| F|  |TAMS 0x000000071f600000| PB 0x000000071f600000| Untracked |  0
| 240|0x000000071f800000, 0x000000071f800000, 0x000000071fa00000|  0%| F|  |TAMS 0x000000071f800000| PB 0x000000071f800000| Untracked |  0
| 241|0x000000071fa00000, 0x000000071fa00000, 0x000000071fc00000|  0%| F|  |TAMS 0x000000071fa00000| PB 0x000000071fa00000| Untracked |  0
| 242|0x000000071fc00000, 0x000000071fc00000, 0x000000071fe00000|  0%| F|  |TAMS 0x000000071fc00000| PB 0x000000071fc00000| Untracked |  0
| 243|0x000000071fe00000, 0x000000071fe00000, 0x0000000720000000|  0%| F|  |TAMS 0x000000071fe00000| PB 0x000000071fe00000| Untracked |  0
| 244|0x0000000720000000, 0x0000000720000000, 0x0000000720200000|  0%| F|  |TAMS 0x0000000720000000| PB 0x0000000720000000| Untracked |  0
| 245|0x0000000720200000, 0x0000000720200000, 0x0000000720400000|  0%| F|  |TAMS 0x0000000720200000| PB 0x0000000720200000| Untracked |  0
| 246|0x0000000720400000, 0x0000000720400000, 0x0000000720600000|  0%| F|  |TAMS 0x0000000720400000| PB 0x0000000720400000| Untracked |  0
| 247|0x0000000720600000, 0x0000000720600000, 0x0000000720800000|  0%| F|  |TAMS 0x0000000720600000| PB 0x0000000720600000| Untracked |  0
| 248|0x0000000720800000, 0x0000000720800000, 0x0000000720a00000|  0%| F|  |TAMS 0x0000000720800000| PB 0x0000000720800000| Untracked |  0
| 249|0x0000000720a00000, 0x0000000720a00000, 0x0000000720c00000|  0%| F|  |TAMS 0x0000000720a00000| PB 0x0000000720a00000| Untracked |  0
| 250|0x0000000720c00000, 0x0000000720c00000, 0x0000000720e00000|  0%| F|  |TAMS 0x0000000720c00000| PB 0x0000000720c00000| Untracked |  0
| 251|0x0000000720e00000, 0x0000000720e00000, 0x0000000721000000|  0%| F|  |TAMS 0x0000000720e00000| PB 0x0000000720e00000| Untracked |  0
| 252|0x0000000721000000, 0x0000000721000000, 0x0000000721200000|  0%| F|  |TAMS 0x0000000721000000| PB 0x0000000721000000| Untracked |  0
| 253|0x0000000721200000, 0x0000000721200000, 0x0000000721400000|  0%| F|  |TAMS 0x0000000721200000| PB 0x0000000721200000| Untracked |  0
| 254|0x0000000721400000, 0x0000000721400000, 0x0000000721600000|  0%| F|  |TAMS 0x0000000721400000| PB 0x0000000721400000| Untracked |  0
| 255|0x0000000721600000, 0x0000000721600000, 0x0000000721800000|  0%| F|  |TAMS 0x0000000721600000| PB 0x0000000721600000| Untracked |  0
| 256|0x0000000721800000, 0x0000000721800000, 0x0000000721a00000|  0%| F|  |TAMS 0x0000000721800000| PB 0x0000000721800000| Untracked |  0
| 257|0x0000000721a00000, 0x0000000721a00000, 0x0000000721c00000|  0%| F|  |TAMS 0x0000000721a00000| PB 0x0000000721a00000| Untracked |  0
| 258|0x0000000721c00000, 0x0000000721c00000, 0x0000000721e00000|  0%| F|  |TAMS 0x0000000721c00000| PB 0x0000000721c00000| Untracked |  0
| 259|0x0000000721e00000, 0x0000000721e00000, 0x0000000722000000|  0%| F|  |TAMS 0x0000000721e00000| PB 0x0000000721e00000| Untracked |  0
| 260|0x0000000722000000, 0x0000000722000000, 0x0000000722200000|  0%| F|  |TAMS 0x0000000722000000| PB 0x0000000722000000| Untracked |  0
| 261|0x0000000722200000, 0x0000000722200000, 0x0000000722400000|  0%| F|  |TAMS 0x0000000722200000| PB 0x0000000722200000| Untracked |  0
| 262|0x0000000722400000, 0x0000000722400000, 0x0000000722600000|  0%| F|  |TAMS 0x0000000722400000| PB 0x0000000722400000| Untracked |  0
| 263|0x0000000722600000, 0x0000000722600000, 0x0000000722800000|  0%| F|  |TAMS 0x0000000722600000| PB 0x0000000722600000| Untracked |  0
| 264|0x0000000722800000, 0x0000000722800000, 0x0000000722a00000|  0%| F|  |TAMS 0x0000000722800000| PB 0x0000000722800000| Untracked |  0
| 265|0x0000000722a00000, 0x0000000722a00000, 0x0000000722c00000|  0%| F|  |TAMS 0x0000000722a00000| PB 0x0000000722a00000| Untracked |  0
| 266|0x0000000722c00000, 0x0000000722c00000, 0x0000000722e00000|  0%| F|  |TAMS 0x0000000722c00000| PB 0x0000000722c00000| Untracked |  0
| 267|0x0000000722e00000, 0x0000000722e00000, 0x0000000723000000|  0%| F|  |TAMS 0x0000000722e00000| PB 0x0000000722e00000| Untracked |  0
| 268|0x0000000723000000, 0x0000000723000000, 0x0000000723200000|  0%| F|  |TAMS 0x0000000723000000| PB 0x0000000723000000| Untracked |  0
| 269|0x0000000723200000, 0x0000000723200000, 0x0000000723400000|  0%| F|  |TAMS 0x0000000723200000| PB 0x0000000723200000| Untracked |  0
| 270|0x0000000723400000, 0x0000000723600000, 0x0000000723600000|100%| S|CS|TAMS 0x0000000723400000| PB 0x0000000723400000| Complete |  0
| 271|0x0000000723600000, 0x0000000723800000, 0x0000000723800000|100%| S|CS|TAMS 0x0000000723600000| PB 0x0000000723600000| Complete |  0
| 272|0x0000000723800000, 0x0000000723800000, 0x0000000723a00000|  0%| F|  |TAMS 0x0000000723800000| PB 0x0000000723800000| Untracked |  0
| 273|0x0000000723a00000, 0x0000000723a00000, 0x0000000723c00000|  0%| F|  |TAMS 0x0000000723a00000| PB 0x0000000723a00000| Untracked |  0
| 274|0x0000000723c00000, 0x0000000723c00000, 0x0000000723e00000|  0%| F|  |TAMS 0x0000000723c00000| PB 0x0000000723c00000| Untracked |  0
| 275|0x0000000723e00000, 0x0000000723e00000, 0x0000000724000000|  0%| F|  |TAMS 0x0000000723e00000| PB 0x0000000723e00000| Untracked |  0
| 276|0x0000000724000000, 0x0000000724000000, 0x0000000724200000|  0%| F|  |TAMS 0x0000000724000000| PB 0x0000000724000000| Untracked |  0
| 277|0x0000000724200000, 0x0000000724200000, 0x0000000724400000|  0%| F|  |TAMS 0x0000000724200000| PB 0x0000000724200000| Untracked |  0
| 278|0x0000000724400000, 0x0000000724400000, 0x0000000724600000|  0%| F|  |TAMS 0x0000000724400000| PB 0x0000000724400000| Untracked |  0

Card table byte_map: [0x0000014cd6060000,0x0000014cd6860000] _byte_map_base: 0x0000014cd2854000

Marking Bits: (CMBitMap*) 0x0000014cc2a28310
 Bits: [0x0000014cd6860000, 0x0000014cda800000)

Polling page: 0x0000014cc0780000

Metaspace:

Usage:
  Non-class:     17.00 MB used.
      Class:      2.19 MB used.
       Both:     19.19 MB used.

Virtual space:
  Non-class space:       64.00 MB reserved,      17.12 MB ( 27%) committed,  1 nodes.
      Class space:        1.00 GB reserved,       2.31 MB ( <1%) committed,  1 nodes.
             Both:        1.06 GB reserved,      19.44 MB (  2%) committed. 

Chunk freelists:
   Non-Class:  14.69 MB
       Class:  13.55 MB
        Both:  28.24 MB

MaxMetaspaceSize: unlimited
CompressedClassSpaceSize: 1.00 GB
Initial GC threshold: 21.00 MB
Current GC threshold: 21.00 MB
CDS: on
 - commit_granule_bytes: 65536.
 - commit_granule_words: 8192.
 - virtual_space_node_default_size: 8388608.
 - enlarge_chunks_in_place: 1.
 - use_allocation_guard: 0.


Internal statistics:

num_allocs_failed_limit: 0.
num_arena_births: 260.
num_arena_deaths: 0.
num_vsnodes_births: 2.
num_vsnodes_deaths: 0.
num_space_committed: 311.
num_space_uncommitted: 0.
num_chunks_returned_to_freelist: 0.
num_chunks_taken_from_freelist: 840.
num_chunk_merges: 0.
num_chunk_splits: 581.
num_chunks_enlarged: 430.
num_inconsistent_stats: 0.

CodeHeap 'non-profiled nmethods': size=120064Kb used=1975Kb max_used=1975Kb free=118088Kb
 bounds [0x0000014cce320000, 0x0000014cce590000, 0x0000014cd5860000]
CodeHeap 'profiled nmethods': size=120000Kb used=6112Kb max_used=6112Kb free=113887Kb
 bounds [0x0000014cc6860000, 0x0000014cc6e60000, 0x0000014ccdd90000]
CodeHeap 'non-nmethods': size=5696Kb used=1577Kb max_used=1692Kb free=4118Kb
 bounds [0x0000014ccdd90000, 0x0000014cce000000, 0x0000014cce320000]
CodeCache: size=245760Kb, used=9664Kb, max_used=9779Kb, free=236093Kb
 total_blobs=4560, nmethods=3964, adapters=501, full_count=0
Compilation: enabled, stopped_count=0, restarted_count=0

Compilation events (20 events):
Event: 5.403 Thread 0x0000014cdcdfcdd0 nmethod 3952 0x0000014cce507688 code [0x0000014cce5077c0, 0x0000014cce507cf0]
Event: 5.403 Thread 0x0000014cdcdfcdd0 3955       4       org.apache.xmlbeans.impl.values.JavaLongHolder::getLongValue (9 bytes)
Event: 5.404 Thread 0x0000014cdcdfcdd0 nmethod 3955 0x0000014cce507d88 code [0x0000014cce507ea0, 0x0000014cce507f48]
Event: 5.404 Thread 0x0000014cdcdfcdd0 3965       4       java.lang.Long::parseLong (295 bytes)
Event: 5.454 Thread 0x0000014cdcdfcdd0 nmethod 3965 0x0000014cce508088 code [0x0000014cce508200, 0x0000014cce5088d0]
Event: 5.454 Thread 0x0000014cdcdfcdd0 3966       4       java.util.Arrays::copyOf (40 bytes)
Event: 5.456 Thread 0x0000014d24e26010 nmethod 3954 0x0000014cce508988 code [0x0000014cce508c60, 0x0000014cce50bc10]
Event: 5.458 Thread 0x0000014d24e26010 3960       4       org.apache.xmlbeans.impl.values.XmlObjectBase::init_flags (104 bytes)
Event: 5.459 Thread 0x0000014d24e26010 nmethod 3960 0x0000014cce50be08 code [0x0000014cce50bf20, 0x0000014cce50c100]
Event: 5.459 Thread 0x0000014d24e26010 3961       4       org.apache.xmlbeans.impl.schema.SchemaTypeImpl::createBuiltinInstance (618 bytes)
Event: 5.460 Thread 0x0000014cdcdfcdd0 nmethod 3966 0x0000014cce50c188 code [0x0000014cce50c2c0, 0x0000014cce50c828]
Event: 5.460 Thread 0x0000014cdcdfcdd0 3964       4       java.lang.AbstractStringBuilder::shift (37 bytes)
Event: 5.461 Thread 0x0000014cdcdfcdd0 nmethod 3964 0x0000014cce50c888 code [0x0000014cce50c980, 0x0000014cce50caf0]
Event: 5.461 Thread 0x0000014cdcdfcdd0 3963       4       java.util.ArrayList::toArray (57 bytes)
Event: 5.462 Thread 0x0000014d24e26010 nmethod 3961 0x0000014cce50cb88 code [0x0000014cce50cca0, 0x0000014cce50ceb0]
Event: 5.462 Thread 0x0000014d24e26010 3953       4       org.apache.poi.ss.util.CellReference$CellRefParts::<init> (8 bytes)
Event: 5.465 Thread 0x0000014d24e26010 nmethod 3953 0x0000014cce50cf88 code [0x0000014cce50d0a0, 0x0000014cce50d478]
Event: 5.465 Thread 0x0000014d24e26010 3969       4       org.apache.poi.xssf.usermodel.XSSFRow::<init> (137 bytes)
Event: 5.466 Thread 0x0000014cdcdfcdd0 nmethod 3963 0x0000014cce50d508 code [0x0000014cce50d640, 0x0000014cce50dcd8]
Event: 5.466 Thread 0x0000014cdcdfcdd0 3968       4       java.util.TreeMap::addEntryToEmptyMap (37 bytes)

GC Heap History (20 events):
Event: 2.268 GC heap after
{Heap after GC invocations=3 (full 0):
 garbage-first heap   total reserved 4169728K, committed 262144K, used 27454K [0x0000000701800000, 0x0000000800000000)
  region size 2048K, 3 young (6144K), 3 survivors (6144K)
 Metaspace       used 14319K, committed 14592K, reserved 1114112K
  class space    used 1607K, committed 1728K, reserved 1048576K
}
Event: 2.550 GC heap before
{Heap before GC invocations=3 (full 0):
 garbage-first heap   total reserved 4169728K, committed 262144K, used 60222K [0x0000000701800000, 0x0000000800000000)
  region size 2048K, 19 young (38912K), 3 survivors (6144K)
 Metaspace       used 16628K, committed 16832K, reserved 1114112K
  class space    used 1902K, committed 1984K, reserved 1048576K
}
Event: 2.555 GC heap after
{Heap after GC invocations=4 (full 0):
 garbage-first heap   total reserved 4169728K, committed 262144K, used 28835K [0x0000000701800000, 0x0000000800000000)
  region size 2048K, 1 young (2048K), 1 survivors (2048K)
 Metaspace       used 16628K, committed 16832K, reserved 1114112K
  class space    used 1902K, committed 1984K, reserved 1048576K
}
Event: 3.011 GC heap before
{Heap before GC invocations=4 (full 0):
 garbage-first heap   total reserved 4169728K, committed 262144K, used 96419K [0x0000000701800000, 0x0000000800000000)
  region size 2048K, 34 young (69632K), 1 survivors (2048K)
 Metaspace       used 18538K, committed 18816K, reserved 1114112K
  class space    used 2117K, committed 2240K, reserved 1048576K
}
Event: 3.016 GC heap after
{Heap after GC invocations=5 (full 0):
 garbage-first heap   total reserved 4169728K, committed 262144K, used 31768K [0x0000000701800000, 0x0000000800000000)
  region size 2048K, 3 young (6144K), 3 survivors (6144K)
 Metaspace       used 18538K, committed 18816K, reserved 1114112K
  class space    used 2117K, committed 2240K, reserved 1048576K
}
Event: 3.691 GC heap before
{Heap before GC invocations=5 (full 0):
 garbage-first heap   total reserved 4169728K, committed 262144K, used 103448K [0x0000000701800000, 0x0000000800000000)
  region size 2048K, 38 young (77824K), 3 survivors (6144K)
 Metaspace       used 19437K, committed 19712K, reserved 1114112K
  class space    used 2224K, committed 2304K, reserved 1048576K
}
Event: 3.715 GC heap after
{Heap after GC invocations=6 (full 0):
 garbage-first heap   total reserved 4169728K, committed 262144K, used 51168K [0x0000000701800000, 0x0000000800000000)
  region size 2048K, 5 young (10240K), 5 survivors (10240K)
 Metaspace       used 19437K, committed 19712K, reserved 1114112K
  class space    used 2224K, committed 2304K, reserved 1048576K
}
Event: 3.731 GC heap before
{Heap before GC invocations=6 (full 0):
 garbage-first heap   total reserved 4169728K, committed 262144K, used 53216K [0x0000000701800000, 0x0000000800000000)
  region size 2048K, 6 young (12288K), 5 survivors (10240K)
 Metaspace       used 19437K, committed 19712K, reserved 1114112K
  class space    used 2224K, committed 2304K, reserved 1048576K
}
Event: 3.748 GC heap after
{Heap after GC invocations=7 (full 0):
 garbage-first heap   total reserved 4169728K, committed 262144K, used 55139K [0x0000000701800000, 0x0000000800000000)
  region size 2048K, 1 young (2048K), 1 survivors (2048K)
 Metaspace       used 19437K, committed 19712K, reserved 1114112K
  class space    used 2224K, committed 2304K, reserved 1048576K
}
Event: 4.460 GC heap before
{Heap before GC invocations=7 (full 0):
 garbage-first heap   total reserved 4169728K, committed 262144K, used 135011K [0x0000000701800000, 0x0000000800000000)
  region size 2048K, 40 young (81920K), 1 survivors (2048K)
 Metaspace       used 19647K, committed 19904K, reserved 1114112K
  class space    used 2240K, committed 2368K, reserved 1048576K
}
Event: 4.492 GC heap after
{Heap after GC invocations=8 (full 0):
 garbage-first heap   total reserved 4169728K, committed 262144K, used 92139K [0x0000000701800000, 0x0000000800000000)
  region size 2048K, 5 young (10240K), 5 survivors (10240K)
 Metaspace       used 19647K, committed 19904K, reserved 1114112K
  class space    used 2240K, committed 2368K, reserved 1048576K
}
Event: 4.502 GC heap before
{Heap before GC invocations=8 (full 0):
 garbage-first heap   total reserved 4169728K, committed 262144K, used 94187K [0x0000000701800000, 0x0000000800000000)
  region size 2048K, 6 young (12288K), 5 survivors (10240K)
 Metaspace       used 19647K, committed 19904K, reserved 1114112K
  class space    used 2240K, committed 2368K, reserved 1048576K
}
Event: 4.517 GC heap after
{Heap after GC invocations=9 (full 0):
 garbage-first heap   total reserved 4169728K, committed 571392K, used 95857K [0x0000000701800000, 0x0000000800000000)
  region size 2048K, 1 young (2048K), 1 survivors (2048K)
 Metaspace       used 19647K, committed 19904K, reserved 1114112K
  class space    used 2240K, committed 2368K, reserved 1048576K
}
Event: 5.038 GC heap before
{Heap before GC invocations=9 (full 0):
 garbage-first heap   total reserved 4169728K, committed 571392K, used 210545K [0x0000000701800000, 0x0000000800000000)
  region size 2048K, 58 young (118784K), 1 survivors (2048K)
 Metaspace       used 19649K, committed 19904K, reserved 1114112K
  class space    used 2240K, committed 2368K, reserved 1048576K
}
Event: 5.107 GC heap after
{Heap after GC invocations=10 (full 0):
 garbage-first heap   total reserved 4169728K, committed 571392K, used 184320K [0x0000000701800000, 0x0000000800000000)
  region size 2048K, 8 young (16384K), 8 survivors (16384K)
 Metaspace       used 19649K, committed 19904K, reserved 1114112K
  class space    used 2240K, committed 2368K, reserved 1048576K
}
Event: 5.136 GC heap before
{Heap before GC invocations=10 (full 0):
 garbage-first heap   total reserved 4169728K, committed 571392K, used 194560K [0x0000000701800000, 0x0000000800000000)
  region size 2048K, 13 young (26624K), 8 survivors (16384K)
 Metaspace       used 19649K, committed 19904K, reserved 1114112K
  class space    used 2240K, committed 2368K, reserved 1048576K
}
Event: 5.171 GC heap after
{Heap after GC invocations=11 (full 0):
 garbage-first heap   total reserved 4169728K, committed 571392K, used 194560K [0x0000000701800000, 0x0000000800000000)
  region size 2048K, 2 young (4096K), 2 survivors (4096K)
 Metaspace       used 19649K, committed 19904K, reserved 1114112K
  class space    used 2240K, committed 2368K, reserved 1048576K
}
Event: 5.410 GC heap before
{Heap before GC invocations=11 (full 0):
 garbage-first heap   total reserved 4169728K, committed 571392K, used 280576K [0x0000000701800000, 0x0000000800000000)
  region size 2048K, 44 young (90112K), 2 survivors (4096K)
 Metaspace       used 19649K, committed 19904K, reserved 1114112K
  class space    used 2240K, committed 2368K, reserved 1048576K
}
Event: 5.454 GC heap after
{Heap after GC invocations=12 (full 0):
 garbage-first heap   total reserved 4169728K, committed 571392K, used 243712K [0x0000000701800000, 0x0000000800000000)
  region size 2048K, 6 young (12288K), 6 survivors (12288K)
 Metaspace       used 19649K, committed 19904K, reserved 1114112K
  class space    used 2240K, committed 2368K, reserved 1048576K
}
Event: 5.495 GC heap before
{Heap before GC invocations=12 (full 0):
 garbage-first heap   total reserved 4169728K, committed 571392K, used 258048K [0x0000000701800000, 0x0000000800000000)
  region size 2048K, 13 young (26624K), 6 survivors (12288K)
 Metaspace       used 19649K, committed 19904K, reserved 1114112K
  class space    used 2240K, committed 2368K, reserved 1048576K
}

Dll operation events (8 events):
Event: 0.014 Loaded shared library C:\Users\User\.p2\pool\plugins\org.eclipse.justj.openjdk.hotspot.jre.full.win32.x86_64_23.0.1.v20241024-1700\jre\bin\java.dll
Event: 0.200 Loaded shared library C:\Users\User\.p2\pool\plugins\org.eclipse.justj.openjdk.hotspot.jre.full.win32.x86_64_23.0.1.v20241024-1700\jre\bin\zip.dll
Event: 0.307 Loaded shared library C:\Users\User\.p2\pool\plugins\org.eclipse.justj.openjdk.hotspot.jre.full.win32.x86_64_23.0.1.v20241024-1700\jre\bin\net.dll
Event: 0.309 Loaded shared library C:\Users\User\.p2\pool\plugins\org.eclipse.justj.openjdk.hotspot.jre.full.win32.x86_64_23.0.1.v20241024-1700\jre\bin\nio.dll
Event: 0.315 Loaded shared library C:\Users\User\.p2\pool\plugins\org.eclipse.justj.openjdk.hotspot.jre.full.win32.x86_64_23.0.1.v20241024-1700\jre\bin\zip.dll
Event: 0.534 Loaded shared library C:\Users\User\.p2\pool\plugins\org.eclipse.justj.openjdk.hotspot.jre.full.win32.x86_64_23.0.1.v20241024-1700\jre\bin\jimage.dll
Event: 0.809 Loaded shared library C:\Users\User\.p2\pool\plugins\org.eclipse.justj.openjdk.hotspot.jre.full.win32.x86_64_23.0.1.v20241024-1700\jre\bin\extnet.dll
Event: 1.632 Loaded shared library C:\Users\User\.p2\pool\plugins\org.eclipse.justj.openjdk.hotspot.jre.full.win32.x86_64_23.0.1.v20241024-1700\jre\bin\verify.dll

Deoptimization events (20 events):
Event: 5.355 Thread 0x0000014cc07cfd80 DEOPT PACKING pc=0x0000014cc6dcefd5 sp=0x0000003e6a7fdbe0
Event: 5.355 Thread 0x0000014cc07cfd80 DEOPT UNPACKING pc=0x0000014ccdde4b22 sp=0x0000003e6a7fd0a8 mode 0
Event: 5.364 Thread 0x0000014cc07cfd80 DEOPT PACKING pc=0x0000014cc6dcefd5 sp=0x0000003e6a7fdbe0
Event: 5.364 Thread 0x0000014cc07cfd80 DEOPT UNPACKING pc=0x0000014ccdde4b22 sp=0x0000003e6a7fd0a8 mode 0
Event: 5.372 Thread 0x0000014cc07cfd80 DEOPT PACKING pc=0x0000014cc6dcefd5 sp=0x0000003e6a7fdbe0
Event: 5.372 Thread 0x0000014cc07cfd80 DEOPT UNPACKING pc=0x0000014ccdde4b22 sp=0x0000003e6a7fd0a8 mode 0
Event: 5.381 Thread 0x0000014cc07cfd80 Uncommon trap: trap_request=0xffffffde fr.pc=0x0000014cce505de4 relative=0x00000000000010c4
Event: 5.387 Thread 0x0000014cc07cfd80 Uncommon trap: reason=class_check action=maybe_recompile pc=0x0000014cce505de4 method=org.apache.xmlbeans.impl.store.Locale$ScrubBuffer.scrub(Ljava/lang/Object;II)V @ 25 c2
Event: 5.387 Thread 0x0000014cc07cfd80 DEOPT PACKING pc=0x0000014cce505de4 sp=0x0000003e6a7fd980
Event: 5.387 Thread 0x0000014cc07cfd80 DEOPT UNPACKING pc=0x0000014ccdde4402 sp=0x0000003e6a7fd9b0 mode 2
Event: 5.388 Thread 0x0000014cc07cfd80 DEOPT PACKING pc=0x0000014cc6dcefd5 sp=0x0000003e6a7fdbe0
Event: 5.388 Thread 0x0000014cc07cfd80 DEOPT UNPACKING pc=0x0000014ccdde4b22 sp=0x0000003e6a7fd0a8 mode 0
Event: 5.403 Thread 0x0000014cc07cfd80 Uncommon trap: trap_request=0xffffffcc fr.pc=0x0000014cce507b30 relative=0x0000000000000370
Event: 5.403 Thread 0x0000014cc07cfd80 Uncommon trap: reason=intrinsic_or_type_checked_inlining action=make_not_entrant pc=0x0000014cce507b30 method=java.util.Arrays.copyOf([Ljava/lang/Object;ILjava/lang/Class;)[Ljava/lang/Object; @ 35 c2
Event: 5.403 Thread 0x0000014cc07cfd80 DEOPT PACKING pc=0x0000014cce507b30 sp=0x0000003e6a7fdb90
Event: 5.403 Thread 0x0000014cc07cfd80 DEOPT UNPACKING pc=0x0000014ccdde4402 sp=0x0000003e6a7fdb30 mode 2
Event: 5.457 Thread 0x0000014cc07cfd80 Uncommon trap: trap_request=0xffffffdc fr.pc=0x0000014cce50b588 relative=0x0000000000002928
Event: 5.458 Thread 0x0000014cc07cfd80 Uncommon trap: reason=class_check action=make_not_entrant pc=0x0000014cce50b588 method=java.util.ArrayList.toArray([Ljava/lang/Object;)[Ljava/lang/Object; @ 21 c2
Event: 5.461 Thread 0x0000014cc07cfd80 DEOPT PACKING pc=0x0000014cce50b588 sp=0x0000003e6a7fdcc0
Event: 5.463 Thread 0x0000014cc07cfd80 DEOPT UNPACKING pc=0x0000014ccdde4402 sp=0x0000003e6a7fdba8 mode 2

Classes loaded (20 events):
Event: 2.617 Loading class org/w3c/dom/CDATASection
Event: 2.617 Loading class org/w3c/dom/CDATASection done
Event: 2.628 Loading class java/lang/AbstractMethodError
Event: 2.628 Loading class java/lang/AbstractMethodError done
Event: 2.632 Loading class org/w3c/dom/Comment
Event: 2.632 Loading class org/w3c/dom/Comment done
Event: 2.633 Loading class org/w3c/dom/ProcessingInstruction
Event: 2.633 Loading class org/w3c/dom/ProcessingInstruction done
Event: 2.641 Loading class org/w3c/dom/DocumentFragment
Event: 2.641 Loading class org/w3c/dom/DocumentFragment done
Event: 2.790 Loading class java/util/ConcurrentModificationException
Event: 2.790 Loading class java/util/ConcurrentModificationException done
Event: 3.456 Loading class java/util/TreeMap$AscendingSubMap
Event: 3.456 Loading class java/util/TreeMap$NavigableSubMap
Event: 3.456 Loading class java/util/TreeMap$NavigableSubMap done
Event: 3.456 Loading class java/util/TreeMap$AscendingSubMap done
Event: 3.457 Loading class java/util/TreeMap$NavigableSubMap$SubMapKeyIterator
Event: 3.457 Loading class java/util/TreeMap$NavigableSubMap$SubMapIterator
Event: 3.457 Loading class java/util/TreeMap$NavigableSubMap$SubMapIterator done
Event: 3.457 Loading class java/util/TreeMap$NavigableSubMap$SubMapKeyIterator done

Classes unloaded (0 events):
No events

Classes redefined (0 events):
No events

Internal exceptions (20 events):
Event: 1.766 Thread 0x0000014cc07cfd80 Exception <a 'java/lang/ClassNotFoundException'{0x0000000710b388f8}: com/aventstack/extentreports/model/service/TestServiceCustomizer> (0x0000000710b388f8) 
thrown [s\src\hotspot\share\classfile\systemDictionary.cpp, line 313]
Event: 1.794 Thread 0x0000014cc07cfd80 Exception <a 'java/lang/NoSuchMethodError'{0x0000000710be1c30}: 'void java.lang.invoke.DirectMethodHandle$Holder.invokeInterface(java.lang.Object, java.lang.Object)'> (0x0000000710be1c30) 
thrown [s\src\hotspot\share\interpreter\linkResolver.cpp, line 796]
Event: 1.853 Thread 0x0000014cc07cfd80 Exception <a 'java/lang/NoSuchMethodError'{0x00000007106ad218}: 'java.lang.Object java.lang.invoke.DirectMethodHandle$Holder.invokeStatic(java.lang.Object, int, java.lang.Object, java.lang.Object)'> (0x00000007106ad218) 
thrown [s\src\hotspot\share\interpreter\linkResolver.cpp, line 796]
Event: 1.858 Thread 0x0000014cc07cfd80 Exception <a 'java/lang/IncompatibleClassChangeError'{0x00000007106d46f8}: Found class java.lang.Object, but interface was expected> (0x00000007106d46f8) 
thrown [s\src\hotspot\share\interpreter\linkResolver.cpp, line 863]
Event: 1.864 Thread 0x0000014cc07cfd80 Exception <a 'java/lang/NoSuchMethodError'{0x00000007106eb928}: 'void java.lang.invoke.DirectMethodHandle$Holder.invokeSpecial(java.lang.Object, java.lang.Object, java.lang.Object, java.lang.Object, java.lang.Object)'> (0x00000007106eb928) 
thrown [s\src\hotspot\share\interpreter\linkResolver.cpp, line 796]
Event: 1.895 Thread 0x0000014cc07cfd80 Exception <a 'java/lang/NoClassDefFoundError'{0x00000007107fc008}: org/apache/logging/log4j/util/Lazy> (0x00000007107fc008) 
thrown [s\src\hotspot\share\classfile\systemDictionary.cpp, line 302]
Event: 1.985 Thread 0x0000014cc07cfd80 Exception <a 'java/lang/NoSuchMethodError'{0x000000071036a428}: 'long java.lang.invoke.DirectMethodHandle$Holder.invokeVirtual(java.lang.Object, java.lang.Object)'> (0x000000071036a428) 
thrown [s\src\hotspot\share\interpreter\linkResolver.cpp, line 796]
Event: 2.086 Thread 0x0000014cc07cfd80 Exception <a 'java/lang/NoSuchMethodError'{0x000000070fbc9b08}: 'void java.lang.invoke.DirectMethodHandle$Holder.invokeVirtual(java.lang.Object, java.lang.Object, java.lang.Object, int)'> (0x000000070fbc9b08) 
thrown [s\src\hotspot\share\interpreter\linkResolver.cpp, line 796]
Event: 2.087 Thread 0x0000014cc07cfd80 Exception <a 'java/lang/NoSuchMethodError'{0x000000070fbd1340}: 'void java.lang.invoke.DirectMethodHandle$Holder.invokeVirtual(java.lang.Object, java.lang.Object, java.lang.Object, java.lang.Object)'> (0x000000070fbd1340) 
thrown [s\src\hotspot\share\interpreter\linkResolver.cpp, line 796]
Event: 2.095 Thread 0x0000014cc07cfd80 Exception <a 'java/lang/NoSuchMethodError'{0x000000070fbff678}: 'void java.lang.invoke.DirectMethodHandle$Holder.invokeStatic(java.lang.Object, java.lang.Object, java.lang.Object, int)'> (0x000000070fbff678) 
thrown [s\src\hotspot\share\interpreter\linkResolver.cpp, line 796]
Event: 2.095 Thread 0x0000014cc07cfd80 Exception <a 'java/lang/NoSuchMethodError'{0x000000070f802de8}: 'void java.lang.invoke.DirectMethodHandle$Holder.invokeStaticInit(java.lang.Object, java.lang.Object, java.lang.Object, int)'> (0x000000070f802de8) 
thrown [s\src\hotspot\share\interpreter\linkResolver.cpp, line 796]
Event: 2.160 Thread 0x0000014cc07cfd80 Exception <a 'java/lang/NoSuchMethodError'{0x000000070f9cbba0}: 'void java.lang.invoke.DirectMethodHandle$Holder.invokeInterface(java.lang.Object, java.lang.Object, java.lang.Object)'> (0x000000070f9cbba0) 
thrown [s\src\hotspot\share\interpreter\linkResolver.cpp, line 796]
Event: 2.276 Thread 0x0000014cc07cfd80 Exception <a 'java/lang/NoSuchMethodError'{0x0000000711613950}: 'java.lang.Object java.lang.invoke.DirectMethodHandle$Holder.invokeStatic(java.lang.Object, java.lang.Object, int, int)'> (0x0000000711613950) 
thrown [s\src\hotspot\share\interpreter\linkResolver.cpp, line 796]
Event: 2.276 Thread 0x0000014cc07cfd80 Exception <a 'java/lang/NoSuchMethodError'{0x0000000711617178}: 'java.lang.Object java.lang.invoke.DirectMethodHandle$Holder.invokeStaticInit(java.lang.Object, java.lang.Object, int, int)'> (0x0000000711617178) 
thrown [s\src\hotspot\share\interpreter\linkResolver.cpp, line 796]
Event: 2.457 Thread 0x0000014cc07cfd80 Implicit null exception at 0x0000014cce3c1ac0 to 0x0000014cce3c2fb0
Event: 3.090 Thread 0x0000014cc07cfd80 Implicit null exception at 0x0000014cce43f311 to 0x0000014cce43fc88
Event: 3.429 Thread 0x0000014cc07cfd80 Exception <a 'java/lang/NoSuchMethodError'{0x000000070e7d3678}: 'java.lang.Object java.lang.invoke.DirectMethodHandle$Holder.invokeVirtual(java.lang.Object, java.lang.Object, int)'> (0x000000070e7d3678) 
thrown [s\src\hotspot\share\interpreter\linkResolver.cpp, line 796]
Event: 3.430 Thread 0x0000014cc07cfd80 Exception <a 'java/lang/NoSuchMethodError'{0x000000070e7da128}: 'void java.lang.invoke.DirectMethodHandle$Holder.invokeVirtual(java.lang.Object, java.lang.Object, int, java.lang.Object)'> (0x000000070e7da128) 
thrown [s\src\hotspot\share\interpreter\linkResolver.cpp, line 796]
Event: 3.431 Thread 0x0000014cc07cfd80 Exception <a 'java/lang/NoSuchMethodError'{0x000000070e7e3848}: 'void java.lang.invoke.DirectMethodHandle$Holder.invokeVirtual(java.lang.Object, java.lang.Object, int)'> (0x000000070e7e3848) 
thrown [s\src\hotspot\share\interpreter\linkResolver.cpp, line 796]
Event: 3.446 Thread 0x0000014cc07cfd80 Implicit null exception at 0x0000014cce43cc4f to 0x0000014cce43de98

VM Operations (20 events):
Event: 2.513 Executing VM operation: HandshakeAllThreads (Deoptimize) done
Event: 2.550 Executing VM operation: G1CollectForAllocation (G1 Evacuation Pause)
Event: 2.555 Executing VM operation: G1CollectForAllocation (G1 Evacuation Pause) done
Event: 3.011 Executing VM operation: G1CollectForAllocation (G1 Evacuation Pause)
Event: 3.016 Executing VM operation: G1CollectForAllocation (G1 Evacuation Pause) done
Event: 3.691 Executing VM operation: G1CollectForAllocation (G1 Evacuation Pause)
Event: 3.715 Executing VM operation: G1CollectForAllocation (G1 Evacuation Pause) done
Event: 3.731 Executing VM operation: G1CollectForAllocation (G1 Evacuation Pause)
Event: 3.748 Executing VM operation: G1CollectForAllocation (G1 Evacuation Pause) done
Event: 4.460 Executing VM operation: G1CollectForAllocation (G1 Evacuation Pause)
Event: 4.492 Executing VM operation: G1CollectForAllocation (G1 Evacuation Pause) done
Event: 4.502 Executing VM operation: G1CollectForAllocation (G1 Evacuation Pause)
Event: 4.518 Executing VM operation: G1CollectForAllocation (G1 Evacuation Pause) done
Event: 5.038 Executing VM operation: G1CollectForAllocation (G1 Evacuation Pause)
Event: 5.107 Executing VM operation: G1CollectForAllocation (G1 Evacuation Pause) done
Event: 5.136 Executing VM operation: G1CollectForAllocation (G1 Evacuation Pause)
Event: 5.171 Executing VM operation: G1CollectForAllocation (G1 Evacuation Pause) done
Event: 5.410 Executing VM operation: G1CollectForAllocation (G1 Evacuation Pause)
Event: 5.454 Executing VM operation: G1CollectForAllocation (G1 Evacuation Pause) done
Event: 5.495 Executing VM operation: G1CollectForAllocation (G1 Evacuation Pause)

Memory protections (0 events):
No events

Nmethod flushes (0 events):
No events

Events (20 events):
Event: 0.054 Thread 0x0000014cc07cfd80 Thread added: 0x0000014cc07cfd80
Event: 0.099 Thread 0x0000014cc07cfd80 Thread added: 0x0000014cdcdf4720
Event: 0.099 Thread 0x0000014cc07cfd80 Thread added: 0x0000014cdcdf6c90
Event: 0.103 Thread 0x0000014cc07cfd80 Thread added: 0x0000014cdcdfa120
Event: 0.103 Thread 0x0000014cc07cfd80 Thread added: 0x0000014cdcdfab80
Event: 0.103 Thread 0x0000014cc07cfd80 Thread added: 0x0000014cdcdfb5e0
Event: 0.104 Thread 0x0000014cc07cfd80 Thread added: 0x0000014cdcdfc040
Event: 0.104 Thread 0x0000014cc07cfd80 Thread added: 0x0000014cdcdfcdd0
Event: 0.114 Thread 0x0000014cc07cfd80 Thread added: 0x0000014d220324a0
Event: 0.211 Thread 0x0000014cc07cfd80 Thread added: 0x0000014d22141970
Event: 0.211 Thread 0x0000014cc07cfd80 Thread added: 0x0000014d22144220
Event: 0.212 Thread 0x0000014d22141970 Thread added: 0x0000014d221488c0
Event: 0.300 Thread 0x0000014cc07cfd80 Thread added: 0x0000014d22151420
Event: 0.304 Thread 0x0000014cc07cfd80 Thread added: 0x0000014d221546b0
Event: 0.504 Thread 0x0000014d220324a0 Thread added: 0x0000014d223baa50
Event: 0.823 Thread 0x0000014cc07cfd80 Thread added: 0x0000014d22b3e340
Event: 1.327 Thread 0x0000014d223baa50 Thread exited: 0x0000014d223baa50
Event: 1.515 Thread 0x0000014d220324a0 Thread added: 0x0000014d22e6cb20
Event: 5.124 Thread 0x0000014d22e6cb20 Thread exited: 0x0000014d22e6cb20
Event: 5.340 Thread 0x0000014cdcdfcdd0 Thread added: 0x0000014d24e26010


Dynamic libraries:
0x00007ff7ff9a0000 - 0x00007ff7ff9ae000 	C:\Users\User\.p2\pool\plugins\org.eclipse.justj.openjdk.hotspot.jre.full.win32.x86_64_23.0.1.v20241024-1700\jre\bin\javaw.exe
0x00007ff8ccf70000 - 0x00007ff8cd168000 	C:\Windows\SYSTEM32\ntdll.dll
0x00007ff8cc1d0000 - 0x00007ff8cc292000 	C:\Windows\System32\KERNEL32.DLL
0x00007ff8ca760000 - 0x00007ff8caa56000 	C:\Windows\System32\KERNELBASE.dll
0x00007ff8ca660000 - 0x00007ff8ca760000 	C:\Windows\System32\ucrtbase.dll
0x00007ff8c7720000 - 0x00007ff8c7737000 	C:\Users\User\.p2\pool\plugins\org.eclipse.justj.openjdk.hotspot.jre.full.win32.x86_64_23.0.1.v20241024-1700\jre\bin\jli.dll
0x00007ff8cc860000 - 0x00007ff8cc9fd000 	C:\Windows\System32\USER32.dll
0x00007ff8ca630000 - 0x00007ff8ca652000 	C:\Windows\System32\win32u.dll
0x00007ff8ccdc0000 - 0x00007ff8ccdeb000 	C:\Windows\System32\GDI32.dll
0x00007ff8cadd0000 - 0x00007ff8caee9000 	C:\Windows\System32\gdi32full.dll
0x00007ff8caef0000 - 0x00007ff8caf8d000 	C:\Windows\System32\msvcp_win.dll
0x00007ff8c71b0000 - 0x00007ff8c71ce000 	C:\Users\User\.p2\pool\plugins\org.eclipse.justj.openjdk.hotspot.jre.full.win32.x86_64_23.0.1.v20241024-1700\jre\bin\VCRUNTIME140.dll
0x00007ff8a5f50000 - 0x00007ff8a61ea000 	C:\Windows\WinSxS\amd64_microsoft.windows.common-controls_6595b64144ccf1df_6.0.19041.5915_none_60b4b9d171f9c7c7\COMCTL32.dll
0x00007ff8caf90000 - 0x00007ff8cb02e000 	C:\Windows\System32\msvcrt.dll
0x00007ff8ccb80000 - 0x00007ff8ccbaf000 	C:\Windows\System32\IMM32.DLL
0x00007ff8c71a0000 - 0x00007ff8c71ac000 	C:\Users\User\.p2\pool\plugins\org.eclipse.justj.openjdk.hotspot.jre.full.win32.x86_64_23.0.1.v20241024-1700\jre\bin\vcruntime140_1.dll
0x00007ff8c3fb0000 - 0x00007ff8c403d000 	C:\Users\User\.p2\pool\plugins\org.eclipse.justj.openjdk.hotspot.jre.full.win32.x86_64_23.0.1.v20241024-1700\jre\bin\msvcp140.dll
0x00007ff88c1f0000 - 0x00007ff88cfbd000 	C:\Users\User\.p2\pool\plugins\org.eclipse.justj.openjdk.hotspot.jre.full.win32.x86_64_23.0.1.v20241024-1700\jre\bin\server\jvm.dll
0x00007ff8cc2a0000 - 0x00007ff8cc351000 	C:\Windows\System32\ADVAPI32.dll
0x00007ff8cb5b0000 - 0x00007ff8cb64f000 	C:\Windows\System32\sechost.dll
0x00007ff8ccc90000 - 0x00007ff8ccdb3000 	C:\Windows\System32\RPCRT4.dll
0x00007ff8ca600000 - 0x00007ff8ca627000 	C:\Windows\System32\bcrypt.dll
0x00007ff8cc360000 - 0x00007ff8cc3cb000 	C:\Windows\System32\WS2_32.dll
0x00007ff8ca460000 - 0x00007ff8ca4ab000 	C:\Windows\SYSTEM32\POWRPROF.dll
0x00007ff8c3c90000 - 0x00007ff8c3cb7000 	C:\Windows\SYSTEM32\WINMM.dll
0x00007ff8c57c0000 - 0x00007ff8c57ca000 	C:\Windows\SYSTEM32\VERSION.dll
0x00007ff8ca440000 - 0x00007ff8ca452000 	C:\Windows\SYSTEM32\UMPDC.dll
0x00007ff8c84a0000 - 0x00007ff8c84b2000 	C:\Windows\SYSTEM32\kernel.appcore.dll
0x00007ff8c75f0000 - 0x00007ff8c75fa000 	C:\Users\User\.p2\pool\plugins\org.eclipse.justj.openjdk.hotspot.jre.full.win32.x86_64_23.0.1.v20241024-1700\jre\bin\jimage.dll
0x00007ff8ae060000 - 0x00007ff8ae261000 	C:\Windows\SYSTEM32\DBGHELP.DLL
0x00007ff8ae020000 - 0x00007ff8ae054000 	C:\Windows\SYSTEM32\dbgcore.DLL
0x00007ff8cad40000 - 0x00007ff8cadc2000 	C:\Windows\System32\bcryptPrimitives.dll
0x00007ff8c7160000 - 0x00007ff8c719c000 	C:\Users\User\.p2\pool\plugins\org.eclipse.justj.openjdk.hotspot.jre.full.win32.x86_64_23.0.1.v20241024-1700\jre\bin\jdwp.dll
0x00007ff8c5550000 - 0x00007ff8c556e000 	C:\Users\User\.p2\pool\plugins\org.eclipse.justj.openjdk.hotspot.jre.full.win32.x86_64_23.0.1.v20241024-1700\jre\bin\java.dll
0x00007ff8cb6b0000 - 0x00007ff8cb7db000 	C:\Windows\System32\ole32.dll
0x00007ff8cc500000 - 0x00007ff8cc853000 	C:\Windows\System32\combase.dll
0x00007ff8cb7e0000 - 0x00007ff8cbf4e000 	C:\Windows\System32\SHELL32.dll
0x00007ff8c86a0000 - 0x00007ff8c8e44000 	C:\Windows\SYSTEM32\windows.storage.dll
0x00007ff8c9f60000 - 0x00007ff8c9f8b000 	C:\Windows\SYSTEM32\Wldp.dll
0x00007ff8cbf50000 - 0x00007ff8cc01d000 	C:\Windows\System32\OLEAUT32.dll
0x00007ff8ccdf0000 - 0x00007ff8cce9d000 	C:\Windows\System32\SHCORE.dll
0x00007ff8cca00000 - 0x00007ff8cca5b000 	C:\Windows\System32\shlwapi.dll
0x00007ff8ca530000 - 0x00007ff8ca555000 	C:\Windows\SYSTEM32\profapi.dll
0x00007ff8c0230000 - 0x00007ff8c0247000 	C:\Users\User\.p2\pool\plugins\org.eclipse.justj.openjdk.hotspot.jre.full.win32.x86_64_23.0.1.v20241024-1700\jre\bin\zip.dll
0x00007ff8c7150000 - 0x00007ff8c715c000 	C:\Users\User\.p2\pool\plugins\org.eclipse.justj.openjdk.hotspot.jre.full.win32.x86_64_23.0.1.v20241024-1700\jre\bin\dt_socket.dll
0x00007ff8c99a0000 - 0x00007ff8c99db000 	C:\Windows\SYSTEM32\IPHLPAPI.DLL
0x00007ff8c9cc0000 - 0x00007ff8c9d2a000 	C:\Windows\system32\mswsock.dll
0x00007ff8c99e0000 - 0x00007ff8c9aaa000 	C:\Windows\SYSTEM32\DNSAPI.dll
0x00007ff8cc490000 - 0x00007ff8cc498000 	C:\Windows\System32\NSI.dll
0x00007ff8c3c70000 - 0x00007ff8c3c7a000 	C:\Windows\System32\rasadhlp.dll
0x00007ff8c4130000 - 0x00007ff8c41b0000 	C:\Windows\System32\fwpuclnt.dll
0x00007ff8c7670000 - 0x00007ff8c7680000 	C:\Users\User\.p2\pool\plugins\org.eclipse.justj.openjdk.hotspot.jre.full.win32.x86_64_23.0.1.v20241024-1700\jre\bin\net.dll
0x00007ff8bc840000 - 0x00007ff8bc856000 	C:\Users\User\.p2\pool\plugins\org.eclipse.justj.openjdk.hotspot.jre.full.win32.x86_64_23.0.1.v20241024-1700\jre\bin\nio.dll
0x00007ff8c3660000 - 0x00007ff8c3669000 	C:\Users\User\.p2\pool\plugins\org.eclipse.justj.openjdk.hotspot.jre.full.win32.x86_64_23.0.1.v20241024-1700\jre\bin\extnet.dll
0x00007ff8c9ec0000 - 0x00007ff8c9ed8000 	C:\Windows\SYSTEM32\CRYPTSP.dll
0x00007ff8c95e0000 - 0x00007ff8c9618000 	C:\Windows\system32\rsaenh.dll
0x00007ff8ca4b0000 - 0x00007ff8ca4de000 	C:\Windows\SYSTEM32\USERENV.dll
0x00007ff8c9eb0000 - 0x00007ff8c9ebc000 	C:\Windows\SYSTEM32\CRYPTBASE.dll
0x00007ff8c05f0000 - 0x00007ff8c0600000 	C:\Users\User\.p2\pool\plugins\org.eclipse.justj.openjdk.hotspot.jre.full.win32.x86_64_23.0.1.v20241024-1700\jre\bin\verify.dll

dbghelp: loaded successfully - version: 4.0.5 - missing functions: none
symbol engine: initialized successfully - sym options: 0x614 - pdb path: .;C:\Users\User\.p2\pool\plugins\org.eclipse.justj.openjdk.hotspot.jre.full.win32.x86_64_23.0.1.v20241024-1700\jre\bin;C:\Windows\SYSTEM32;C:\Windows\WinSxS\amd64_microsoft.windows.common-controls_6595b64144ccf1df_6.0.19041.5915_none_60b4b9d171f9c7c7;C:\Users\User\.p2\pool\plugins\org.eclipse.justj.openjdk.hotspot.jre.full.win32.x86_64_23.0.1.v20241024-1700\jre\bin\server

VM Arguments:
jvm_args: -XX:+ShowCodeDetailsInExceptionMessages -agentlib:jdwp=transport=dt_socket,suspend=y,address=localhost:50694 -ea -Dfile.encoding=UTF-8 -Dstdout.encoding=UTF-8 -Dstderr.encoding=UTF-8 
java_command: org.testng.remote.RemoteTestNG -serport 50693 -protocol json -d D:\Automation\test-output C:\Users\User\AppData\Local\Temp\testng-eclipse--712656372\testng-customsuite.xml
java_class_path (initial): C:\Users\User\eclipse\jee-2024-09\eclipse\configuration\org.eclipse.osgi\1013\0\.cp\lib\testng-remote.jar;D:\Automation\target\test-classes;D:\Automation\target\classes;C:\Users\User\.p2\pool\plugins\org.testng_7.4.0.r202105021533.jar;C:\Users\User\.p2\pool\plugins\com.beust.jcommander_1.78.0.jar;C:\Users\User\.p2\pool\plugins\org.apache-extras.beanshell.bsh_2.0.0.b6.jar;C:\Users\User\.p2\pool\plugins\org.yaml.snakeyaml_1.21.0.jar;C:\Users\User\.p2\pool\plugins\org.webjars.jquery_3.5.1.jar;C:\Users\User\.m2\repository\com\aventstack\extentreports\5.1.2\extentreports-5.1.2.jar;C:\Users\User\.m2\repository\io\reactivex\rxjava3\rxjava\3.1.6\rxjava-3.1.6.jar;C:\Users\User\.m2\repository\org\reactivestreams\reactive-streams\1.0.4\reactive-streams-1.0.4.jar;C:\Users\User\.m2\repository\org\projectlombok\lombok\1.18.26\lombok-1.18.26.jar;C:\Users\User\.m2\repository\com\google\code\gson\gson\2.10.1\gson-2.10.1.jar;C:\Users\User\.m2\repository\io\github\bonigarcia\webdrivermanager\5.9.1\webdrivermanager-5.9.1.jar;C:\Users\User\.m2\repository\org\slf4j\slf4j-api\2.0.13\slf4j-api-2.0.13.jar;C:\Users\User\.m2\repository\com\github\docker-java\docker-java\3.3.6\docker-java-3.3.6.jar;C:\Users\User\.m2\repository\com\github\docker-java\docker-java-core\3.3.6\docker-java-core-3.3.6.jar;C:\Users\User\.m2\repository\com\github\docker-java\docker-java-api\3.3.6\docker-java-api-3.3.6.jar;C:\Users\User\.m2\repository\com\fasterxml\jackson\core\jackson-annotations\2.10.3\jackson-annotations-2.10.3.jar;C:\Users\User\.m2\repository\com\fasterxml\jackson\core\jackson-databind\2.10.3\jackson-databind-2.10.3.jar;C:\Users\User\.m2\repository\com\fasterxml\jackson\core\jackson-core\2.10.3\jackson-core-2.10.3.jar;C:\Users\User\.m2\repository\org\slf4j\jcl-over-slf4j\1.7.30\jcl-over-slf4j-1.7.30.jar;C:\Users\User\.m2\repository\com\github\docker-java\docker-java-transport-httpclient5\3.3.6\docker-java-transport-httpclient5-3.3.6.jar;C:\Users\User\.m2\repository\com\github\docker-java\docker-java-transport\3.3.6\docker-java-transport-3.3.6.jar;C:\Users\User\.m2\repository\net\java\dev\jna\jna\5.13.0\jna-5.13.0.jar;C:\Users\User\.m2\repository\org\brotli\dec\0.1.2\dec-0.1.2.jar;C:\Users\User\.m2\repository\org\apache\commons\commons-lang3\3.14.0\commons-lang3-3.14.0.jar;C:\Users\User\.m2\repository\org\apache\commons\commons-compress\1.26.2\commons-compress-1.26.2.jar;C:\Users\User\.m2\repository\commons-codec\commons-codec\1.17.0\commons-codec-1.17.0.jar;C:\Users\User\.m2\repository\org\apache\httpcomponents\client5\httpclient5\5.2.1\httpclient5-5.2.1.jar;C:\Users\User\.m2\repository\org\apache\httpcomponents\core5\httpcore5\5.2\httpcore5-5.2.jar;C:\Users\User\.m2\repository\org\apache\httpcomponents\core5\httpcore5-h2\5.2\httpcore5-h2-5.2.jar;C:\Users\User\.m2\repository\org\slf4j\slf4j-simple\2.0.9\slf4j-simple-2.0.9.jar;C:\Users\User\.m2\repository\org\seleniumhq\selenium\selenium-java\4.26.0\selenium-java-4.26.0.jar;C:\Users\User\.m2\repository\org\seleniumhq\selenium\selenium-api\4.26.0\selenium-api-4.26.0.jar;C:\Users\User\.m2\repository\org\jspecify\jspecify\1.0.0\jspecify-1.0.0.jar;C:\Users\User\.m2\repository\org\seleniumhq\selenium\selenium-chrome-driver\4.26.0\selenium-chrome-driver-4.26.0.jar;C:\Users\User\.m2\repository\com\google\auto\service\auto-service-annotations\1.1.1\auto-service-annotations-1.1.1.jar;C:\Users\User\.m2\repository\org\seleniumhq\selenium\selenium-chromium-driver\4.26.0\selenium-chromium-driver-4.26.0.jar;C:\Users\User\.m2\repository\org\seleniumhq\selenium\selenium-json\4.26.0\selenium-json-4.26.0.jar;C:\Users\User\.m2\repository\org\seleniumhq\selenium\selenium-manager\4.26.0\selenium-manager-4.26.0.jar;C:\Users\User\.m2\repository\org\seleniumhq\selenium\selenium-devtools-v128\4.26.0\selenium-devtools-v128-4.26.0.jar;C:\Users\User\.m2\repository\org\seleniumhq\selenium\selenium-devtools-v129\4.26.0\selenium-devtools-v129-4.26.0.jar;C:\Users\User\.m2\repository\org\seleniumhq\selenium\selenium-devtools-v130\4.26.0\selenium-devtools-v130-4.26.0.jar;C:\Users\User\.m2\repository\org\seleniumhq\selenium\selenium-devtools-v85\4.26.0\selenium-devtools-v85-4.26.0.jar;C:\Users\User\.m2\repository\org\seleniumhq\selenium\selenium-edge-driver\4.26.0\selenium-edge-driver-4.26.0.jar;C:\Users\User\.m2\repository\org\seleniumhq\selenium\selenium-firefox-driver\4.26.0\selenium-firefox-driver-4.26.0.jar;C:\Users\User\.m2\repository\org\seleniumhq\selenium\selenium-http\4.26.0\selenium-http-4.26.0.jar;C:\Users\User\.m2\repository\dev\failsafe\failsafe\3.3.2\failsafe-3.3.2.jar;C:\Users\User\.m2\repository\org\seleniumhq\selenium\selenium-ie-driver\4.26.0\selenium-ie-driver-4.26.0.jar;C:\Users\User\.m2\repository\org\seleniumhq\selenium\selenium-remote-driver\4.26.0\selenium-remote-driver-4.26.0.jar;C:\Users\User\.m2\repository\com\google\guava\guava\33.3.1-jre\guava-33.3.1-jre.jar;C:\Users\User\.m2\repository\com\google\guava\failureaccess\1.0.2\failureaccess-1.0.2.jar;C:\Users\User\.m2\repository\com\google\guava\listenablefuture\9999.0-empty-to-avoid-conflict-with-guava\listenablefuture-9999.0-empty-to-avoid-conflict-with-guava.jar;C:\Users\User\.m2\repository\com\google\code\findbugs\jsr305\3.0.2\jsr305-3.0.2.jar;C:\Users\User\.m2\repository\org\checkerframework\checker-qual\3.43.0\checker-qual-3.43.0.jar;C:\Users\User\.m2\repository\com\google\errorprone\error_prone_annotations\2.28.0\error_prone_annotations-2.28.0.jar;C:\Users\User\.m2\repository\com\google\j2objc\j2objc-annotations\3.0.0\j2objc-annotations-3.0.0.jar;C:\Users\User\.m2\repository\io\opentelemetry\semconv\opentelemetry-semconv\1.25.0-alpha\opentelemetry-semconv-1.25.0-alpha.jar;C:\Users\User\.m2\repository\io\opentelemetry\opentelemetry-api\1.43.0\opentelemetry-api-1.43.0.jar;C:\Users\User\.m2\repository\io\opentelemetry\opentelemetry-context\1.43.0\opentelemetry-context-1.43.0.jar;C:\Users\User\.m2\repository\io\opentelemetry\opentelemetry-exporter-logging\1.43.0\opentelemetry-exporter-logging-1.43.0.jar;C:\Users\User\.m2\repository\io\opentelemetry\opentelemetry-sdk-common\1.43.0\opentelemetry-sdk-common-1.43.0.jar;C:\Users\User\.m2\repository\io\opentelemetry\opentelemetry-sdk-extension-autoconfigure-spi\1.43.0\opentelemetry-sdk-extension-autoconfigure-spi-1.43.0.jar;C:\Users\User\.m2\repository\io\opentelemetry\opentelemetry-sdk-extension-autoconfigure\1.43.0\opentelemetry-sdk-extension-autoconfigure-1.43.0.jar;C:\Users\User\.m2\repository\io\opentelemetry\opentelemetry-api-incubator\1.43.0-alpha\opentelemetry-api-incubator-1.43.0-alpha.jar;C:\Users\User\.m2\repository\io\opentelemetry\opentelemetry-sdk-trace\1.43.0\opentelemetry-sdk-trace-1.43.0.jar;C:\Users\User\.m2\repository\io\opentelemetry\opentelemetry-sdk\1.43.0\opentelemetry-sdk-1.43.0.jar;C:\Users\User\.m2\repository\io\opentelemetry\opentelemetry-sdk-metrics\1.43.0\opentelemetry-sdk-metrics-1.43.0.jar;C:\Users\User\.m2\repository\io\opentelemetry\opentelemetry-sdk-logs\1.43.0\opentelemetry-sdk-logs-1.43.0.jar;C:\Users\User\.m2\repository\net\bytebuddy\byte-buddy\1.15.7\byte-buddy-1.15.7.jar;C:\Users\User\.m2\repository\org\seleniumhq\selenium\selenium-os\4.26.0\selenium-os-4.26.0.jar;C:\Users\User\.m2\repository\org\apache\commons\commons-exec\1.4.0\commons-exec-1.4.0.jar;C:\Users\User\.m2\repository\org\seleniumhq\selenium\selenium-safari-driver\4.26.0\selenium-safari-driver-4.26.0.jar;C:\Users\User\.m2\repository\org\seleniumhq\selenium\selenium-support\4.26.0\selenium-support-4.26.0.jar;C:\Users\User\.m2\repository\org\testng\testng\7.10.1\testng-7.10.1.jar;C:\Users\User\.m2\repository\com\beust\jcommander\1.82\jcommander-1.82.jar;C:\Users\User\.m2\repository\org\webjars\jquery\3.7.1\jquery-3.7.1.jar;C:\Users\User\.m2\repository\net\sourceforge\jexcelapi\jxl\2.6.12\jxl-2.6.12.jar;C:\Users\User\.m2\repository\log4j\log4j\1.2.14\log4j-1.2.14.jar;C:\Users\User\.m2\repository\org\freemarker\freemarker\2.3.34\freemarker-2.3.34.jar;C:\Users\User\.m2\repository\org\mongodb\bson\5.3.0\bson-5.3.0.jar;C:\Users\User\.m2\repository\org\apache\poi\poi-ooxml\5.2.3\poi-ooxml-5.2.3.jar;C:\Users\User\.m2\repository\org\apache\poi\poi\5.2.3\poi-5.2.3.jar;C:\Users\User\.m2\repository\org\apache\commons\commons-math3\3.6.1\commons-math3-3.6.1.jar;C:\Users\User\.m2\repository\com\zaxxer\SparseBitSet\1.2\SparseBitSet-1.2.jar;C:\Users\User\.m2\repository\org\apache\poi\poi-ooxml-lite\5.2.3\poi-ooxml-lite-5.2.3.jar;C:\Users\User\.m2\repository\org\apache\xmlbeans\xmlbeans\5.1.1\xmlbeans-5.1.1.jar;C:\Users\User\.m2\repository\commons-io\commons-io\2.11.0\commons-io-2.11.0.jar;C:\Users\User\.m2\repository\com\github\virtuald\curvesapi\1.07\curvesapi-1.07.jar;C:\Users\User\.m2\repository\org\apache\logging\log4j\log4j-api\2.18.0\log4j-api-2.18.0.jar;C:\Users\User\.m2\repository\org\apache\commons\commons-collections4\4.4\commons-collections4-4.4.jar;C:\Users\User\.m2\repository\org\apache\logging\log4j\log4j-core\2.24.3\log4j-core-2.24.3.jar;C:\Users\User\.m2\repository\org\apache\pdfbox\pdfbox\2.0.29\pdfbox-2.0.29.jar;C:\Users\User\.m2\repository\org\apache\pdfbox\fontbox\2.0.29\fontbox-2.0.29.jar;C:\Users\User\.m2\repository\commons-logging\commons-logging\1.2\commons-logging-1.2.jar
Launcher Type: SUN_STANDARD

[Global flags]
     intx CICompilerCount                          = 3                                         {product} {ergonomic}
     uint ConcGCThreads                            = 1                                         {product} {ergonomic}
     uint G1ConcRefinementThreads                  = 4                                         {product} {ergonomic}
   size_t G1HeapRegionSize                         = 2097152                                   {product} {ergonomic}
   size_t InitialHeapSize                          = 268435456                                 {product} {ergonomic}
   size_t MarkStackSize                            = 4194304                                   {product} {ergonomic}
   size_t MarkStackSizeMax                         = 536870912                                 {product} {ergonomic}
   size_t MaxHeapSize                              = 4269801472                                {product} {ergonomic}
   size_t MaxNewSize                               = 2560622592                                {product} {ergonomic}
   size_t MinHeapDeltaBytes                        = 2097152                                   {product} {ergonomic}
   size_t MinHeapSize                              = 8388608                                   {product} {ergonomic}
    uintx NonNMethodCodeHeapSize                   = 5832704                                {pd product} {ergonomic}
    uintx NonProfiledCodeHeapSize                  = 122945536                              {pd product} {ergonomic}
    uintx ProfiledCodeHeapSize                     = 122880000                              {pd product} {ergonomic}
    uintx ReservedCodeCacheSize                    = 251658240                              {pd product} {ergonomic}
     bool SegmentedCodeCache                       = true                                      {product} {ergonomic}
     bool ShowCodeDetailsInExceptionMessages       = true                                   {manageable} {command line}
   size_t SoftMaxHeapSize                          = 4269801472                             {manageable} {ergonomic}
     bool UseCompressedOops                        = true                           {product lp64_product} {ergonomic}
     bool UseG1GC                                  = true                                      {product} {ergonomic}
     bool UseLargePagesIndividualAllocation        = false                                  {pd product} {ergonomic}

Logging:
Log output configuration:
 #0: stdout all=warning uptime,level,tags foldmultilines=false
 #1: stderr all=off uptime,level,tags foldmultilines=false

Environment Variables:
JAVA_HOME=C:\Program Files\Java\jdk-21
PATH=C:\Users\User\.p2\pool\plugins\org.eclipse.justj.openjdk.hotspot.jre.full.win32.x86_64_23.0.1.v20241024-1700\jre\bin;C:/Users/User/.p2/pool/plugins/org.eclipse.justj.openjdk.hotspot.jre.full.win32.x86_64_23.0.1.v20241024-1700/jre/bin/server;C:/Users/User/.p2/pool/plugins/org.eclipse.justj.openjdk.hotspot.jre.full.win32.x86_64_23.0.1.v20241024-1700/jre/bin;C:\Windows\system32;C:\Windows;C:\Windows\System32\Wbem;C:\Windows\System32\WindowsPowerShell\v1.0\;C:\Windows\System32\OpenSSH\;C:\Program Files\Microsoft SQL Server\150\Tools\Binn\;C:\Program Files\Microsoft SQL Server\Client SDK\ODBC\170\Tools\Binn\;C:\Program Files\dotnet\;C:\Program Files (x86)\Microsoft SQL Server\160\Tools\Binn\;C:\Program Files\Microsoft SQL Server\160\Tools\Binn\;C:\Program Files\Microsoft SQL Server\160\DTS\Binn\;C:\Program Files (x86)\Microsoft SQL Server\160\DTS\Binn\;C:\Program Files\Azure Data Studio\bin;C:\Automation\apache-maven-3.9.9\bin;C:\Program Files\Java\jdk-21\bin;C:\Program Files\apache-maven-3.9.9\bin;D:\Git\cmd;C:\Program Files\nodejs\;C:\Users\User\AppData\Local\Microsoft\WindowsApps;C:\Program Files\Azure Data Studio\bin;C:\Users\User\.dotnet\tools;C:\Users\User\AppData\Roaming\npm;C:\Users\User\Desktop;
USERNAME=User
OS=Windows_NT
PROCESSOR_IDENTIFIER=Intel64 Family 6 Model 94 Stepping 3, GenuineIntel
TMP=C:\Users\User\AppData\Local\Temp
TEMP=C:\Users\User\AppData\Local\Temp




Periodic native trim disabled

---------------  S Y S T E M  ---------------

OS:
 Windows 10 , 64 bit Build 19041 (10.0.19041.5915)
OS uptime: 7 days 7:34 hours

CPU: total 4 (initial active 4) (4 cores per cpu, 1 threads per core) family 6 model 94 stepping 3 microcode 0xcc, cx8, cmov, fxsr, mmx, 3dnowpref, sse, sse2, sse3, ssse3, sse4.1, sse4.2, popcnt, lzcnt, tsc, tscinvbit, avx, avx2, aes, erms, clmul, bmi1, bmi2, rtm, adx, fma, vzeroupper, clflush, clflushopt, rdtscp, f16c
Processor Information for the first 4 processors :
  Max Mhz: 2496, Current Mhz: 2496, Mhz Limit: 2496

Memory: 4k page, system-wide physical 16284M (596M free)
TotalPageFile size 34119M (AvailPageFile size 1005M)
current process WorkingSet (physical memory assigned to process): 476M, peak: 504M
current process commit charge ("private bytes"): 695M, peak: 1809M

vm_info: OpenJDK 64-Bit Server VM (23.0.1+11) for windows-amd64 JRE (23.0.1+11), built on 2024-10-15T00:00:00Z with MS VC++ 17.7 (VS2022)

END.
